2022-11-30 05:53:41,336 | INFO : Experiment resnet20_cifar10_demo starts at 2022-11-30T00:23:41.333563.
2022-11-30 05:53:41,336 | INFO : Parsed setting file from settings/resnet20_cifar10_reported.json...
2022-11-30 05:53:42,955 | INFO : ==> Preparing dataset: cifar10
2022-11-30 05:53:44,223 | INFO : ==> Building baseline model: baseline/resnet20_cifar10_baseline (dataset: cifar10)
2022-11-30 05:53:48,412 | INFO : Model baseline/resnet20_cifar10_baseline loaded (<class 'models.resnet.CifarResNet'>)
2022-11-30 05:53:50,487 | INFO : Model baseline/resnet20_cifar10_baseline <class 'models.resnet.CifarResNet'> has a baseline of 92.35.
2022-11-30 05:53:50,495 | INFO : pruning_strategy: greedy (tickets magnitute increase); n_clusters: 8; eval_pruned_kernel_relationship: True; cost_balancer: auto; eval_kept_kernel_ratio: 0.2
2022-11-30 05:54:54,166 | INFO : Layer 2-0-0; Shape (16, 16, 3, 3) -> (16, 144); Method: Spectral; Occurrence: ({'Spectral': 19, 'K-PCA': 15, 'DBSCAN': 2});	Sequence: {'K-PCA': 3, 'Spectral': 6});
2022-11-30 05:55:57,236 | INFO : Layer 2-0-2; Shape (16, 16, 3, 3) -> (16, 144); Method: Spectral; Occurrence: ({'Spectral': 17, 'K-PCA': 10, 'DBSCAN': 9});	Sequence: {'Spectral': 3, 'K-PCA': 2, 'DBSCAN': 4});
2022-11-30 05:57:05,842 | INFO : Layer 2-1-0; Shape (16, 16, 3, 3) -> (16, 144); Method: DBSCAN; Occurrence: ({'DBSCAN': 30, 'Spectral': 4, 'K-PCA': 2});	Sequence: {'K-PCA': 1, 'DBSCAN': 21, 'Spectral': 1});
2022-11-30 05:58:14,322 | INFO : Layer 2-1-2; Shape (16, 16, 3, 3) -> (16, 144); Method: Spectral; Occurrence: ({'Spectral': 21, 'DBSCAN': 9, 'K-PCA': 6});	Sequence: {'DBSCAN': 2, 'Spectral': 11, 'K-PCA': 2});
2022-11-30 05:59:19,718 | INFO : Layer 2-2-0; Shape (16, 16, 3, 3) -> (16, 144); Method: K-PCA; Occurrence: ({'K-PCA': 26, 'Spectral': 8, 'DBSCAN': 2});	Sequence: {'Spectral': 4, 'DBSCAN': 1, 'K-PCA': 15});
2022-11-30 06:00:27,306 | INFO : Layer 2-2-2; Shape (16, 16, 3, 3) -> (16, 144); Method: K-PCA; Occurrence: ({'K-PCA': 20, 'Spectral': 14, 'DBSCAN': 2});	Sequence: {'K-PCA': 6, 'Spectral': 3});
2022-11-30 06:02:01,891 | INFO : Layer 3-0-0; Shape (32, 16, 3, 3) -> (32, 144); Method: DBSCAN; Occurrence: ({'DBSCAN': 18, 'K-PCA': 10, 'Spectral': 8});	Sequence: {'DBSCAN': 6, 'Spectral': 1, 'K-PCA': 1});
2022-11-30 06:03:38,415 | INFO : Layer 3-0-2; Shape (32, 32, 3, 3) -> (32, 288); Method: K-PCA; Occurrence: ({'K-PCA': 23, 'Spectral': 12, 'DBSCAN': 1});	Sequence: {'K-PCA': 16, 'Spectral': 5});
2022-11-30 06:05:13,049 | INFO : Layer 3-1-0; Shape (32, 32, 3, 3) -> (32, 288); Method: DBSCAN; Occurrence: ({'DBSCAN': 32, 'Spectral': 4});	Sequence: {'DBSCAN': 15, 'Spectral': 2});
2022-11-30 06:06:52,976 | INFO : Layer 3-1-2; Shape (32, 32, 3, 3) -> (32, 288); Method: Spectral; Occurrence: ({'Spectral': 17, 'K-PCA': 14, 'DBSCAN': 5});	Sequence: {'Spectral': 6, 'K-PCA': 6});
2022-11-30 06:08:46,093 | INFO : Layer 3-2-0; Shape (32, 32, 3, 3) -> (32, 288); Method: Spectral; Occurrence: ({'Spectral': 19, 'K-PCA': 17});	Sequence: {'Spectral': 3, 'K-PCA': 5});
2022-11-30 06:10:20,039 | INFO : Layer 3-2-2; Shape (32, 32, 3, 3) -> (32, 288); Method: DBSCAN; Occurrence: ({'DBSCAN': 31, 'K-PCA': 3, 'Spectral': 2});	Sequence: {'DBSCAN': 10});
2022-11-30 06:13:11,822 | INFO : Layer 4-0-0; Shape (64, 32, 3, 3) -> (64, 288); Method: DBSCAN; Occurrence: ({'DBSCAN': 17, 'Spectral': 16, 'K-PCA': 3});	Sequence: {'DBSCAN': 3, 'Spectral': 4});
2022-11-30 06:16:06,096 | INFO : Layer 4-0-2; Shape (64, 64, 3, 3) -> (64, 576); Method: K-PCA; Occurrence: ({'K-PCA': 18, 'DBSCAN': 14, 'Spectral': 4});	Sequence: {'K-PCA': 6, 'DBSCAN': 8});
2022-11-30 06:19:03,449 | INFO : Layer 4-1-0; Shape (64, 64, 3, 3) -> (64, 576); Method: K-PCA; Occurrence: ({'K-PCA': 16, 'Spectral': 14, 'DBSCAN': 6});	Sequence: {'Spectral': 6, 'K-PCA': 6, 'DBSCAN': 3});
2022-11-30 06:23:45,628 | INFO : Layer 4-1-2; Shape (64, 64, 3, 3) -> (64, 576); Method: K-PCA; Occurrence: ({'K-PCA': 20, 'DBSCAN': 14, 'Spectral': 2});	Sequence: {'DBSCAN': 4, 'K-PCA': 4});
2022-11-30 06:27:52,050 | INFO : Layer 4-2-0; Shape (64, 64, 3, 3) -> (64, 576); Method: DBSCAN; Occurrence: ({'DBSCAN': 34, 'K-PCA': 2});	Sequence: {'DBSCAN': 18, 'K-PCA': 1});
2022-11-30 06:31:33,643 | INFO : Layer 4-2-2; Shape (64, 64, 3, 3) -> (64, 576); Method: DBSCAN; Occurrence: ({'DBSCAN': 24, 'K-PCA': 10, 'Spectral': 2});	Sequence: {'K-PCA': 5, 'DBSCAN': 10, 'Spectral': 1});
2022-11-30 06:31:35,026 | INFO : Model baseline/resnet20_cifar10_baseline <class 'prune_cifar.ModifiedResNet'> now pruned.
2022-11-30 06:31:35,045 | INFO : Model baseline/resnet20_cifar10_baseline <class 'group_cifar.GroupResNet'> now grouped.
2022-11-30 06:31:35,046 | INFO : ==> Starting task: finetune for 300 epochs; multi_prune_flag: False)
2022-11-30 06:31:37,065 | INFO : Model baseline/resnet20_cifar10_baseline (type: <class 'group_cifar.GroupResNet'>) pruned and grouped (grouped baseline: 18.7); now to finetune with 300 epochs.

2022-11-30 06:31:39,074 | INFO : Model baseline/resnet20_cifar10_baseline has a baseline of 18.7.
2022-11-30 06:32:36,662 | INFO : Epoch #0
2022-11-30 06:32:36,662 | INFO : 	 train_acc: 76.552; train_loss: 0.417; test_loss: 72.796; lr: [0.01]
2022-11-30 06:32:36,662 | INFO : 	 test_acc: 76.39 (best: 76.39 from #0)
2022-11-30 06:33:36,206 | INFO : Epoch #1
2022-11-30 06:33:36,206 | INFO : 	 train_acc: 83.51; train_loss: 0.292; test_loss: 59.095; lr: [0.01]
2022-11-30 06:33:36,206 | INFO : 	 test_acc: 81.47 (best: 81.47 from #1)
2022-11-30 06:34:38,123 | INFO : Epoch #2
2022-11-30 06:34:38,123 | INFO : 	 train_acc: 84.928; train_loss: 0.370; test_loss: 49.890; lr: [0.01]
2022-11-30 06:34:38,123 | INFO : 	 test_acc: 83.81 (best: 83.81 from #2)
2022-11-30 06:35:41,199 | INFO : Epoch #3
2022-11-30 06:35:41,199 | INFO : 	 train_acc: 86.124; train_loss: 0.474; test_loss: 54.599; lr: [0.01]
2022-11-30 06:35:41,199 | INFO : 	 test_acc: 82.35 (best: 83.81 from #2)
2022-11-30 06:36:44,341 | INFO : Epoch #4
2022-11-30 06:36:44,341 | INFO : 	 train_acc: 86.906; train_loss: 0.369; test_loss: 50.070; lr: [0.01]
2022-11-30 06:36:44,341 | INFO : 	 test_acc: 83.41 (best: 83.81 from #2)
2022-11-30 06:37:47,543 | INFO : Epoch #5
2022-11-30 06:37:47,543 | INFO : 	 train_acc: 87.38; train_loss: 0.597; test_loss: 46.699; lr: [0.01]
2022-11-30 06:37:47,543 | INFO : 	 test_acc: 84.35 (best: 84.35 from #5)
2022-11-30 06:38:50,838 | INFO : Epoch #6
2022-11-30 06:38:50,838 | INFO : 	 train_acc: 87.582; train_loss: 0.555; test_loss: 47.447; lr: [0.01]
2022-11-30 06:38:50,838 | INFO : 	 test_acc: 84.18 (best: 84.35 from #5)
2022-11-30 06:39:54,587 | INFO : Epoch #7
2022-11-30 06:39:54,587 | INFO : 	 train_acc: 87.924; train_loss: 0.158; test_loss: 48.412; lr: [0.01]
2022-11-30 06:39:54,587 | INFO : 	 test_acc: 84.03 (best: 84.35 from #5)
2022-11-30 06:40:58,641 | INFO : Epoch #8
2022-11-30 06:40:58,641 | INFO : 	 train_acc: 88.282; train_loss: 0.408; test_loss: 47.290; lr: [0.01]
2022-11-30 06:40:58,641 | INFO : 	 test_acc: 84.6 (best: 84.6 from #8)
2022-11-30 06:42:03,036 | INFO : Epoch #9
2022-11-30 06:42:03,036 | INFO : 	 train_acc: 88.434; train_loss: 0.307; test_loss: 43.066; lr: [0.01]
2022-11-30 06:42:03,036 | INFO : 	 test_acc: 85.69 (best: 85.69 from #9)
2022-11-30 06:43:07,283 | INFO : Epoch #10
2022-11-30 06:43:07,284 | INFO : 	 train_acc: 88.854; train_loss: 0.392; test_loss: 48.055; lr: [0.01]
2022-11-30 06:43:07,284 | INFO : 	 test_acc: 84.53 (best: 85.69 from #9)
2022-11-30 06:44:11,998 | INFO : Epoch #11
2022-11-30 06:44:11,998 | INFO : 	 train_acc: 88.74; train_loss: 0.806; test_loss: 45.086; lr: [0.01]
2022-11-30 06:44:11,998 | INFO : 	 test_acc: 85.62 (best: 85.69 from #9)
2022-11-30 06:45:16,766 | INFO : Epoch #12
2022-11-30 06:45:16,766 | INFO : 	 train_acc: 88.96; train_loss: 0.322; test_loss: 43.218; lr: [0.01]
2022-11-30 06:45:16,766 | INFO : 	 test_acc: 86.04 (best: 86.04 from #12)
2022-11-30 06:46:21,549 | INFO : Epoch #13
2022-11-30 06:46:21,550 | INFO : 	 train_acc: 89.226; train_loss: 0.104; test_loss: 41.575; lr: [0.01]
2022-11-30 06:46:21,550 | INFO : 	 test_acc: 86.42 (best: 86.42 from #13)
2022-11-30 06:47:26,805 | INFO : Epoch #14
2022-11-30 06:47:26,806 | INFO : 	 train_acc: 89.416; train_loss: 0.310; test_loss: 42.802; lr: [0.01]
2022-11-30 06:47:26,806 | INFO : 	 test_acc: 85.83 (best: 86.42 from #13)
2022-11-30 06:48:32,004 | INFO : Epoch #15
2022-11-30 06:48:32,005 | INFO : 	 train_acc: 89.554; train_loss: 0.237; test_loss: 49.956; lr: [0.01]
2022-11-30 06:48:32,005 | INFO : 	 test_acc: 83.63 (best: 86.42 from #13)
2022-11-30 06:49:37,301 | INFO : Epoch #16
2022-11-30 06:49:37,302 | INFO : 	 train_acc: 89.536; train_loss: 0.635; test_loss: 44.947; lr: [0.01]
2022-11-30 06:49:37,302 | INFO : 	 test_acc: 85.06 (best: 86.42 from #13)
2022-11-30 06:50:42,614 | INFO : Epoch #17
2022-11-30 06:50:42,614 | INFO : 	 train_acc: 89.346; train_loss: 0.138; test_loss: 47.035; lr: [0.01]
2022-11-30 06:50:42,614 | INFO : 	 test_acc: 84.99 (best: 86.42 from #13)
2022-11-30 06:51:48,143 | INFO : Epoch #18
2022-11-30 06:51:48,144 | INFO : 	 train_acc: 89.696; train_loss: 0.158; test_loss: 50.586; lr: [0.01]
2022-11-30 06:51:48,144 | INFO : 	 test_acc: 83.8 (best: 86.42 from #13)
2022-11-30 06:52:53,735 | INFO : Epoch #19
2022-11-30 06:52:53,735 | INFO : 	 train_acc: 89.75; train_loss: 1.040; test_loss: 39.537; lr: [0.01]
2022-11-30 06:52:53,735 | INFO : 	 test_acc: 87.18 (best: 87.18 from #19)
2022-11-30 06:53:59,003 | INFO : Epoch #20
2022-11-30 06:53:59,003 | INFO : 	 train_acc: 89.93; train_loss: 0.333; test_loss: 46.792; lr: [0.01]
2022-11-30 06:53:59,004 | INFO : 	 test_acc: 84.91 (best: 87.18 from #19)
2022-11-30 06:55:04,696 | INFO : Epoch #21
2022-11-30 06:55:04,697 | INFO : 	 train_acc: 89.766; train_loss: 0.380; test_loss: 38.432; lr: [0.01]
2022-11-30 06:55:04,697 | INFO : 	 test_acc: 87.33 (best: 87.33 from #21)
2022-11-30 06:56:10,003 | INFO : Epoch #22
2022-11-30 06:56:10,003 | INFO : 	 train_acc: 89.894; train_loss: 0.353; test_loss: 44.182; lr: [0.01]
2022-11-30 06:56:10,003 | INFO : 	 test_acc: 86.07 (best: 87.33 from #21)
2022-11-30 06:57:15,390 | INFO : Epoch #23
2022-11-30 06:57:15,390 | INFO : 	 train_acc: 90.252; train_loss: 0.548; test_loss: 41.464; lr: [0.01]
2022-11-30 06:57:15,390 | INFO : 	 test_acc: 86.24 (best: 87.33 from #21)
2022-11-30 06:58:20,890 | INFO : Epoch #24
2022-11-30 06:58:20,890 | INFO : 	 train_acc: 90.026; train_loss: 0.386; test_loss: 37.012; lr: [0.01]
2022-11-30 06:58:20,891 | INFO : 	 test_acc: 87.79 (best: 87.79 from #24)
2022-11-30 06:59:26,281 | INFO : Epoch #25
2022-11-30 06:59:26,281 | INFO : 	 train_acc: 90.192; train_loss: 0.695; test_loss: 40.445; lr: [0.01]
2022-11-30 06:59:26,281 | INFO : 	 test_acc: 86.64 (best: 87.79 from #24)
2022-11-30 07:00:32,043 | INFO : Epoch #26
2022-11-30 07:00:32,043 | INFO : 	 train_acc: 90.148; train_loss: 0.056; test_loss: 44.084; lr: [0.01]
2022-11-30 07:00:32,043 | INFO : 	 test_acc: 85.97 (best: 87.79 from #24)
2022-11-30 07:01:37,387 | INFO : Epoch #27
2022-11-30 07:01:37,387 | INFO : 	 train_acc: 90.154; train_loss: 0.475; test_loss: 41.123; lr: [0.01]
2022-11-30 07:01:37,387 | INFO : 	 test_acc: 86.92 (best: 87.79 from #24)
2022-11-30 07:02:42,811 | INFO : Epoch #28
2022-11-30 07:02:42,811 | INFO : 	 train_acc: 90.292; train_loss: 0.722; test_loss: 37.304; lr: [0.01]
2022-11-30 07:02:42,811 | INFO : 	 test_acc: 87.78 (best: 87.79 from #24)
2022-11-30 07:03:48,536 | INFO : Epoch #29
2022-11-30 07:03:48,536 | INFO : 	 train_acc: 90.206; train_loss: 0.237; test_loss: 39.801; lr: [0.01]
2022-11-30 07:03:48,536 | INFO : 	 test_acc: 86.84 (best: 87.79 from #24)
2022-11-30 07:04:54,055 | INFO : Epoch #30
2022-11-30 07:04:54,055 | INFO : 	 train_acc: 90.212; train_loss: 0.335; test_loss: 36.296; lr: [0.01]
2022-11-30 07:04:54,055 | INFO : 	 test_acc: 87.82 (best: 87.82 from #30)
2022-11-30 07:06:00,135 | INFO : Epoch #31
2022-11-30 07:06:00,135 | INFO : 	 train_acc: 90.254; train_loss: 0.804; test_loss: 55.469; lr: [0.01]
2022-11-30 07:06:00,135 | INFO : 	 test_acc: 83.39 (best: 87.82 from #30)
2022-11-30 07:07:05,682 | INFO : Epoch #32
2022-11-30 07:07:05,682 | INFO : 	 train_acc: 90.242; train_loss: 0.336; test_loss: 45.117; lr: [0.01]
2022-11-30 07:07:05,682 | INFO : 	 test_acc: 85.17 (best: 87.82 from #30)
2022-11-30 07:08:11,322 | INFO : Epoch #33
2022-11-30 07:08:11,323 | INFO : 	 train_acc: 90.54; train_loss: 0.338; test_loss: 45.483; lr: [0.01]
2022-11-30 07:08:11,323 | INFO : 	 test_acc: 85.68 (best: 87.82 from #30)
2022-11-30 07:09:16,810 | INFO : Epoch #34
2022-11-30 07:09:16,811 | INFO : 	 train_acc: 90.382; train_loss: 0.299; test_loss: 46.743; lr: [0.01]
2022-11-30 07:09:16,811 | INFO : 	 test_acc: 85.32 (best: 87.82 from #30)
2022-11-30 07:10:22,142 | INFO : Epoch #35
2022-11-30 07:10:22,143 | INFO : 	 train_acc: 90.394; train_loss: 0.277; test_loss: 48.211; lr: [0.01]
2022-11-30 07:10:22,143 | INFO : 	 test_acc: 85.19 (best: 87.82 from #30)
2022-11-30 07:11:27,665 | INFO : Epoch #36
2022-11-30 07:11:27,665 | INFO : 	 train_acc: 90.562; train_loss: 0.420; test_loss: 40.220; lr: [0.01]
2022-11-30 07:11:27,666 | INFO : 	 test_acc: 87.21 (best: 87.82 from #30)
2022-11-30 07:12:33,199 | INFO : Epoch #37
2022-11-30 07:12:33,199 | INFO : 	 train_acc: 90.534; train_loss: 0.351; test_loss: 37.805; lr: [0.01]
2022-11-30 07:12:33,199 | INFO : 	 test_acc: 87.52 (best: 87.82 from #30)
2022-11-30 07:13:38,795 | INFO : Epoch #38
2022-11-30 07:13:38,795 | INFO : 	 train_acc: 90.374; train_loss: 0.206; test_loss: 42.587; lr: [0.01]
2022-11-30 07:13:38,795 | INFO : 	 test_acc: 85.94 (best: 87.82 from #30)
2022-11-30 07:14:44,312 | INFO : Epoch #39
2022-11-30 07:14:44,312 | INFO : 	 train_acc: 90.568; train_loss: 0.569; test_loss: 39.751; lr: [0.01]
2022-11-30 07:14:44,312 | INFO : 	 test_acc: 86.85 (best: 87.82 from #30)
2022-11-30 07:15:50,052 | INFO : Epoch #40
2022-11-30 07:15:50,052 | INFO : 	 train_acc: 90.534; train_loss: 0.674; test_loss: 47.530; lr: [0.01]
2022-11-30 07:15:50,052 | INFO : 	 test_acc: 84.82 (best: 87.82 from #30)
2022-11-30 07:16:55,628 | INFO : Epoch #41
2022-11-30 07:16:55,629 | INFO : 	 train_acc: 90.41; train_loss: 0.103; test_loss: 43.104; lr: [0.01]
2022-11-30 07:16:55,629 | INFO : 	 test_acc: 85.72 (best: 87.82 from #30)
2022-11-30 07:18:01,325 | INFO : Epoch #42
2022-11-30 07:18:01,325 | INFO : 	 train_acc: 90.576; train_loss: 0.280; test_loss: 45.148; lr: [0.01]
2022-11-30 07:18:01,325 | INFO : 	 test_acc: 84.61 (best: 87.82 from #30)
2022-11-30 07:19:06,804 | INFO : Epoch #43
2022-11-30 07:19:06,804 | INFO : 	 train_acc: 90.984; train_loss: 0.227; test_loss: 41.665; lr: [0.01]
2022-11-30 07:19:06,804 | INFO : 	 test_acc: 86.7 (best: 87.82 from #30)
2022-11-30 07:20:12,398 | INFO : Epoch #44
2022-11-30 07:20:12,398 | INFO : 	 train_acc: 90.79; train_loss: 0.505; test_loss: 39.479; lr: [0.01]
2022-11-30 07:20:12,398 | INFO : 	 test_acc: 86.73 (best: 87.82 from #30)
2022-11-30 07:21:18,162 | INFO : Epoch #45
2022-11-30 07:21:18,162 | INFO : 	 train_acc: 90.796; train_loss: 0.159; test_loss: 36.301; lr: [0.01]
2022-11-30 07:21:18,162 | INFO : 	 test_acc: 87.8 (best: 87.82 from #30)
2022-11-30 07:22:23,788 | INFO : Epoch #46
2022-11-30 07:22:23,788 | INFO : 	 train_acc: 90.858; train_loss: 0.130; test_loss: 40.688; lr: [0.01]
2022-11-30 07:22:23,788 | INFO : 	 test_acc: 86.99 (best: 87.82 from #30)
2022-11-30 07:23:29,386 | INFO : Epoch #47
2022-11-30 07:23:29,386 | INFO : 	 train_acc: 90.798; train_loss: 0.214; test_loss: 42.369; lr: [0.01]
2022-11-30 07:23:29,386 | INFO : 	 test_acc: 86.74 (best: 87.82 from #30)
2022-11-30 07:24:35,135 | INFO : Epoch #48
2022-11-30 07:24:35,135 | INFO : 	 train_acc: 90.964; train_loss: 0.789; test_loss: 45.559; lr: [0.01]
2022-11-30 07:24:35,135 | INFO : 	 test_acc: 85.2 (best: 87.82 from #30)
2022-11-30 07:25:40,479 | INFO : Epoch #49
2022-11-30 07:25:40,480 | INFO : 	 train_acc: 90.524; train_loss: 0.143; test_loss: 49.825; lr: [0.01]
2022-11-30 07:25:40,480 | INFO : 	 test_acc: 84.7 (best: 87.82 from #30)
2022-11-30 07:26:45,880 | INFO : Epoch #50
2022-11-30 07:26:45,881 | INFO : 	 train_acc: 90.446; train_loss: 0.397; test_loss: 39.164; lr: [0.01]
2022-11-30 07:26:45,881 | INFO : 	 test_acc: 87.31 (best: 87.82 from #30)
2022-11-30 07:27:51,312 | INFO : Epoch #51
2022-11-30 07:27:51,312 | INFO : 	 train_acc: 90.958; train_loss: 0.186; test_loss: 38.989; lr: [0.01]
2022-11-30 07:27:51,312 | INFO : 	 test_acc: 87.56 (best: 87.82 from #30)
2022-11-30 07:28:56,927 | INFO : Epoch #52
2022-11-30 07:28:56,928 | INFO : 	 train_acc: 90.856; train_loss: 0.174; test_loss: 46.660; lr: [0.01]
2022-11-30 07:28:56,928 | INFO : 	 test_acc: 85.19 (best: 87.82 from #30)
2022-11-30 07:30:02,684 | INFO : Epoch #53
2022-11-30 07:30:02,685 | INFO : 	 train_acc: 90.756; train_loss: 0.277; test_loss: 40.668; lr: [0.01]
2022-11-30 07:30:02,685 | INFO : 	 test_acc: 86.68 (best: 87.82 from #30)
2022-11-30 07:31:08,265 | INFO : Epoch #54
2022-11-30 07:31:08,265 | INFO : 	 train_acc: 90.818; train_loss: 0.408; test_loss: 44.211; lr: [0.01]
2022-11-30 07:31:08,265 | INFO : 	 test_acc: 85.68 (best: 87.82 from #30)
2022-11-30 07:32:14,222 | INFO : Epoch #55
2022-11-30 07:32:14,222 | INFO : 	 train_acc: 90.972; train_loss: 0.480; test_loss: 41.243; lr: [0.01]
2022-11-30 07:32:14,222 | INFO : 	 test_acc: 86.74 (best: 87.82 from #30)
2022-11-30 07:33:20,177 | INFO : Epoch #56
2022-11-30 07:33:20,178 | INFO : 	 train_acc: 90.812; train_loss: 0.963; test_loss: 41.806; lr: [0.01]
2022-11-30 07:33:20,178 | INFO : 	 test_acc: 86.61 (best: 87.82 from #30)
2022-11-30 07:34:26,026 | INFO : Epoch #57
2022-11-30 07:34:26,027 | INFO : 	 train_acc: 90.804; train_loss: 0.475; test_loss: 60.043; lr: [0.01]
2022-11-30 07:34:26,027 | INFO : 	 test_acc: 81.76 (best: 87.82 from #30)
2022-11-30 07:35:32,150 | INFO : Epoch #58
2022-11-30 07:35:32,150 | INFO : 	 train_acc: 90.84; train_loss: 0.259; test_loss: 38.777; lr: [0.01]
2022-11-30 07:35:32,150 | INFO : 	 test_acc: 87.13 (best: 87.82 from #30)
2022-11-30 07:36:38,290 | INFO : Epoch #59
2022-11-30 07:36:38,290 | INFO : 	 train_acc: 90.994; train_loss: 0.160; test_loss: 38.795; lr: [0.01]
2022-11-30 07:36:38,290 | INFO : 	 test_acc: 87.5 (best: 87.82 from #30)
2022-11-30 07:37:44,212 | INFO : Epoch #60
2022-11-30 07:37:44,212 | INFO : 	 train_acc: 90.736; train_loss: 0.363; test_loss: 43.295; lr: [0.01]
2022-11-30 07:37:44,213 | INFO : 	 test_acc: 85.79 (best: 87.82 from #30)
2022-11-30 07:38:50,627 | INFO : Epoch #61
2022-11-30 07:38:50,627 | INFO : 	 train_acc: 91.092; train_loss: 0.238; test_loss: 37.600; lr: [0.01]
2022-11-30 07:38:50,627 | INFO : 	 test_acc: 87.61 (best: 87.82 from #30)
2022-11-30 07:39:56,814 | INFO : Epoch #62
2022-11-30 07:39:56,815 | INFO : 	 train_acc: 90.944; train_loss: 0.665; test_loss: 44.485; lr: [0.01]
2022-11-30 07:39:56,815 | INFO : 	 test_acc: 86.11 (best: 87.82 from #30)
2022-11-30 07:41:02,622 | INFO : Epoch #63
2022-11-30 07:41:02,622 | INFO : 	 train_acc: 90.992; train_loss: 0.289; test_loss: 44.642; lr: [0.01]
2022-11-30 07:41:02,622 | INFO : 	 test_acc: 86.14 (best: 87.82 from #30)
2022-11-30 07:42:08,359 | INFO : Epoch #64
2022-11-30 07:42:08,359 | INFO : 	 train_acc: 91.012; train_loss: 0.565; test_loss: 38.912; lr: [0.01]
2022-11-30 07:42:08,359 | INFO : 	 test_acc: 87.12 (best: 87.82 from #30)
2022-11-30 07:43:14,591 | INFO : Epoch #65
2022-11-30 07:43:14,591 | INFO : 	 train_acc: 91.132; train_loss: 0.202; test_loss: 39.530; lr: [0.01]
2022-11-30 07:43:14,591 | INFO : 	 test_acc: 87.37 (best: 87.82 from #30)
2022-11-30 07:44:20,394 | INFO : Epoch #66
2022-11-30 07:44:20,394 | INFO : 	 train_acc: 91.21; train_loss: 0.320; test_loss: 50.876; lr: [0.01]
2022-11-30 07:44:20,394 | INFO : 	 test_acc: 84.26 (best: 87.82 from #30)
2022-11-30 07:45:26,556 | INFO : Epoch #67
2022-11-30 07:45:26,556 | INFO : 	 train_acc: 91.082; train_loss: 0.505; test_loss: 40.718; lr: [0.01]
2022-11-30 07:45:26,556 | INFO : 	 test_acc: 86.76 (best: 87.82 from #30)
2022-11-30 07:46:32,680 | INFO : Epoch #68
2022-11-30 07:46:32,680 | INFO : 	 train_acc: 91.132; train_loss: 0.103; test_loss: 44.553; lr: [0.01]
2022-11-30 07:46:32,680 | INFO : 	 test_acc: 85.43 (best: 87.82 from #30)
2022-11-30 07:47:38,597 | INFO : Epoch #69
2022-11-30 07:47:38,597 | INFO : 	 train_acc: 90.848; train_loss: 0.241; test_loss: 39.759; lr: [0.01]
2022-11-30 07:47:38,597 | INFO : 	 test_acc: 87.03 (best: 87.82 from #30)
2022-11-30 07:48:44,843 | INFO : Epoch #70
2022-11-30 07:48:44,843 | INFO : 	 train_acc: 91.154; train_loss: 0.178; test_loss: 50.750; lr: [0.01]
2022-11-30 07:48:44,843 | INFO : 	 test_acc: 84.25 (best: 87.82 from #30)
2022-11-30 07:49:51,078 | INFO : Epoch #71
2022-11-30 07:49:51,078 | INFO : 	 train_acc: 90.912; train_loss: 0.401; test_loss: 54.293; lr: [0.01]
2022-11-30 07:49:51,078 | INFO : 	 test_acc: 83.61 (best: 87.82 from #30)
2022-11-30 07:50:57,390 | INFO : Epoch #72
2022-11-30 07:50:57,391 | INFO : 	 train_acc: 90.974; train_loss: 0.327; test_loss: 38.590; lr: [0.01]
2022-11-30 07:50:57,391 | INFO : 	 test_acc: 87.34 (best: 87.82 from #30)
2022-11-30 07:52:03,815 | INFO : Epoch #73
2022-11-30 07:52:03,815 | INFO : 	 train_acc: 90.974; train_loss: 0.281; test_loss: 40.076; lr: [0.01]
2022-11-30 07:52:03,815 | INFO : 	 test_acc: 87.05 (best: 87.82 from #30)
2022-11-30 07:53:09,917 | INFO : Epoch #74
2022-11-30 07:53:09,917 | INFO : 	 train_acc: 90.986; train_loss: 0.275; test_loss: 47.165; lr: [0.01]
2022-11-30 07:53:09,917 | INFO : 	 test_acc: 84.81 (best: 87.82 from #30)
2022-11-30 07:54:16,071 | INFO : Epoch #75
2022-11-30 07:54:16,071 | INFO : 	 train_acc: 91.188; train_loss: 0.438; test_loss: 42.325; lr: [0.01]
2022-11-30 07:54:16,071 | INFO : 	 test_acc: 86.64 (best: 87.82 from #30)
2022-11-30 07:55:22,359 | INFO : Epoch #76
2022-11-30 07:55:22,359 | INFO : 	 train_acc: 91.17; train_loss: 0.553; test_loss: 42.190; lr: [0.01]
2022-11-30 07:55:22,359 | INFO : 	 test_acc: 86.53 (best: 87.82 from #30)
2022-11-30 07:56:28,594 | INFO : Epoch #77
2022-11-30 07:56:28,594 | INFO : 	 train_acc: 91.084; train_loss: 0.286; test_loss: 38.042; lr: [0.01]
2022-11-30 07:56:28,594 | INFO : 	 test_acc: 87.51 (best: 87.82 from #30)
2022-11-30 07:57:34,846 | INFO : Epoch #78
2022-11-30 07:57:34,846 | INFO : 	 train_acc: 90.866; train_loss: 0.022; test_loss: 47.537; lr: [0.01]
2022-11-30 07:57:34,846 | INFO : 	 test_acc: 84.93 (best: 87.82 from #30)
2022-11-30 07:58:40,941 | INFO : Epoch #79
2022-11-30 07:58:40,941 | INFO : 	 train_acc: 90.958; train_loss: 0.510; test_loss: 43.960; lr: [0.01]
2022-11-30 07:58:40,941 | INFO : 	 test_acc: 85.71 (best: 87.82 from #30)
2022-11-30 07:59:47,067 | INFO : Epoch #80
2022-11-30 07:59:47,067 | INFO : 	 train_acc: 91.032; train_loss: 0.286; test_loss: 44.586; lr: [0.01]
2022-11-30 07:59:47,067 | INFO : 	 test_acc: 85.5 (best: 87.82 from #30)
2022-11-30 08:00:53,151 | INFO : Epoch #81
2022-11-30 08:00:53,151 | INFO : 	 train_acc: 91.016; train_loss: 0.659; test_loss: 40.612; lr: [0.01]
2022-11-30 08:00:53,151 | INFO : 	 test_acc: 87.04 (best: 87.82 from #30)
2022-11-30 08:01:59,522 | INFO : Epoch #82
2022-11-30 08:01:59,522 | INFO : 	 train_acc: 91.048; train_loss: 0.865; test_loss: 40.537; lr: [0.01]
2022-11-30 08:01:59,522 | INFO : 	 test_acc: 86.52 (best: 87.82 from #30)
2022-11-30 08:03:06,186 | INFO : Epoch #83
2022-11-30 08:03:06,187 | INFO : 	 train_acc: 91.136; train_loss: 0.197; test_loss: 40.229; lr: [0.01]
2022-11-30 08:03:06,187 | INFO : 	 test_acc: 86.64 (best: 87.82 from #30)
2022-11-30 08:04:12,721 | INFO : Epoch #84
2022-11-30 08:04:12,722 | INFO : 	 train_acc: 91.12; train_loss: 0.047; test_loss: 37.183; lr: [0.01]
2022-11-30 08:04:12,722 | INFO : 	 test_acc: 87.97 (best: 87.97 from #84)
2022-11-30 08:05:19,318 | INFO : Epoch #85
2022-11-30 08:05:19,318 | INFO : 	 train_acc: 91.054; train_loss: 0.051; test_loss: 48.455; lr: [0.01]
2022-11-30 08:05:19,318 | INFO : 	 test_acc: 85.21 (best: 87.97 from #84)
2022-11-30 08:06:25,338 | INFO : Epoch #86
2022-11-30 08:06:25,338 | INFO : 	 train_acc: 91.106; train_loss: 0.104; test_loss: 40.838; lr: [0.01]
2022-11-30 08:06:25,338 | INFO : 	 test_acc: 86.51 (best: 87.97 from #84)
2022-11-30 08:07:31,545 | INFO : Epoch #87
2022-11-30 08:07:31,545 | INFO : 	 train_acc: 91.114; train_loss: 0.741; test_loss: 43.419; lr: [0.01]
2022-11-30 08:07:31,545 | INFO : 	 test_acc: 85.93 (best: 87.97 from #84)
2022-11-30 08:08:38,074 | INFO : Epoch #88
2022-11-30 08:08:38,074 | INFO : 	 train_acc: 91.008; train_loss: 0.337; test_loss: 46.430; lr: [0.01]
2022-11-30 08:08:38,074 | INFO : 	 test_acc: 85.59 (best: 87.97 from #84)
2022-11-30 08:09:44,066 | INFO : Epoch #89
2022-11-30 08:09:44,066 | INFO : 	 train_acc: 91.376; train_loss: 0.957; test_loss: 46.034; lr: [0.01]
2022-11-30 08:09:44,066 | INFO : 	 test_acc: 85.68 (best: 87.97 from #84)
2022-11-30 08:10:50,390 | INFO : Epoch #90
2022-11-30 08:10:50,391 | INFO : 	 train_acc: 91.15; train_loss: 0.034; test_loss: 38.785; lr: [0.01]
2022-11-30 08:10:50,391 | INFO : 	 test_acc: 87.19 (best: 87.97 from #84)
2022-11-30 08:11:56,125 | INFO : Epoch #91
2022-11-30 08:11:56,126 | INFO : 	 train_acc: 91.162; train_loss: 0.243; test_loss: 38.575; lr: [0.01]
2022-11-30 08:11:56,126 | INFO : 	 test_acc: 87.61 (best: 87.97 from #84)
2022-11-30 08:13:02,176 | INFO : Epoch #92
2022-11-30 08:13:02,176 | INFO : 	 train_acc: 91.15; train_loss: 0.847; test_loss: 47.733; lr: [0.01]
2022-11-30 08:13:02,176 | INFO : 	 test_acc: 85.6 (best: 87.97 from #84)
2022-11-30 08:14:08,304 | INFO : Epoch #93
2022-11-30 08:14:08,304 | INFO : 	 train_acc: 91.476; train_loss: 0.481; test_loss: 42.395; lr: [0.01]
2022-11-30 08:14:08,304 | INFO : 	 test_acc: 86.5 (best: 87.97 from #84)
2022-11-30 08:15:14,368 | INFO : Epoch #94
2022-11-30 08:15:14,369 | INFO : 	 train_acc: 91.072; train_loss: 0.389; test_loss: 43.925; lr: [0.01]
2022-11-30 08:15:14,369 | INFO : 	 test_acc: 85.95 (best: 87.97 from #84)
2022-11-30 08:16:20,329 | INFO : Epoch #95
2022-11-30 08:16:20,329 | INFO : 	 train_acc: 91.17; train_loss: 0.166; test_loss: 45.235; lr: [0.01]
2022-11-30 08:16:20,330 | INFO : 	 test_acc: 85.41 (best: 87.97 from #84)
2022-11-30 08:17:26,470 | INFO : Epoch #96
2022-11-30 08:17:26,470 | INFO : 	 train_acc: 91.242; train_loss: 0.071; test_loss: 40.842; lr: [0.01]
2022-11-30 08:17:26,470 | INFO : 	 test_acc: 86.43 (best: 87.97 from #84)
2022-11-30 08:18:32,734 | INFO : Epoch #97
2022-11-30 08:18:32,734 | INFO : 	 train_acc: 91.572; train_loss: 0.342; test_loss: 44.438; lr: [0.01]
2022-11-30 08:18:32,734 | INFO : 	 test_acc: 85.67 (best: 87.97 from #84)
2022-11-30 08:19:38,743 | INFO : Epoch #98
2022-11-30 08:19:38,743 | INFO : 	 train_acc: 90.936; train_loss: 0.192; test_loss: 40.683; lr: [0.01]
2022-11-30 08:19:38,743 | INFO : 	 test_acc: 86.8 (best: 87.97 from #84)
2022-11-30 08:20:45,699 | INFO : Epoch #99
2022-11-30 08:20:45,699 | INFO : 	 train_acc: 91.424; train_loss: 0.113; test_loss: 40.304; lr: [0.01]
2022-11-30 08:20:45,699 | INFO : 	 test_acc: 87.27 (best: 87.97 from #84)
2022-11-30 08:21:52,164 | INFO : Epoch #100
2022-11-30 08:21:52,164 | INFO : 	 train_acc: 94.184; train_loss: 0.305; test_loss: 27.498; lr: [0.001]
2022-11-30 08:21:52,164 | INFO : 	 test_acc: 90.72 (best: 90.72 from #100)
2022-11-30 08:22:58,406 | INFO : Epoch #101
2022-11-30 08:22:58,406 | INFO : 	 train_acc: 95.264; train_loss: 0.080; test_loss: 27.280; lr: [0.001]
2022-11-30 08:22:58,406 | INFO : 	 test_acc: 90.75 (best: 90.75 from #101)
2022-11-30 08:24:05,001 | INFO : Epoch #102
2022-11-30 08:24:05,001 | INFO : 	 train_acc: 95.446; train_loss: 0.350; test_loss: 27.037; lr: [0.001]
2022-11-30 08:24:05,001 | INFO : 	 test_acc: 90.91 (best: 90.91 from #102)
2022-11-30 08:25:11,359 | INFO : Epoch #103
2022-11-30 08:25:11,359 | INFO : 	 train_acc: 95.696; train_loss: 0.164; test_loss: 26.809; lr: [0.001]
2022-11-30 08:25:11,359 | INFO : 	 test_acc: 91.08 (best: 91.08 from #103)
2022-11-30 08:26:17,717 | INFO : Epoch #104
2022-11-30 08:26:17,717 | INFO : 	 train_acc: 95.978; train_loss: 0.104; test_loss: 27.046; lr: [0.001]
2022-11-30 08:26:17,717 | INFO : 	 test_acc: 91.08 (best: 91.08 from #104)
2022-11-30 08:27:24,081 | INFO : Epoch #105
2022-11-30 08:27:24,081 | INFO : 	 train_acc: 95.942; train_loss: 0.204; test_loss: 26.985; lr: [0.001]
2022-11-30 08:27:24,081 | INFO : 	 test_acc: 91.22 (best: 91.22 from #105)
2022-11-30 08:28:30,432 | INFO : Epoch #106
2022-11-30 08:28:30,432 | INFO : 	 train_acc: 96.068; train_loss: 0.176; test_loss: 26.991; lr: [0.001]
2022-11-30 08:28:30,432 | INFO : 	 test_acc: 91.11 (best: 91.22 from #105)
2022-11-30 08:29:36,702 | INFO : Epoch #107
2022-11-30 08:29:36,703 | INFO : 	 train_acc: 96.144; train_loss: 0.413; test_loss: 26.708; lr: [0.001]
2022-11-30 08:29:36,703 | INFO : 	 test_acc: 91.23 (best: 91.23 from #107)
2022-11-30 08:30:42,643 | INFO : Epoch #108
2022-11-30 08:30:42,643 | INFO : 	 train_acc: 96.266; train_loss: 0.038; test_loss: 27.181; lr: [0.001]
2022-11-30 08:30:42,643 | INFO : 	 test_acc: 91.08 (best: 91.23 from #107)
2022-11-30 08:31:48,719 | INFO : Epoch #109
2022-11-30 08:31:48,720 | INFO : 	 train_acc: 96.418; train_loss: 0.228; test_loss: 26.662; lr: [0.001]
2022-11-30 08:31:48,720 | INFO : 	 test_acc: 91.28 (best: 91.28 from #109)
2022-11-30 08:32:54,849 | INFO : Epoch #110
2022-11-30 08:32:54,849 | INFO : 	 train_acc: 96.364; train_loss: 0.160; test_loss: 26.953; lr: [0.001]
2022-11-30 08:32:54,849 | INFO : 	 test_acc: 91.41 (best: 91.41 from #110)
2022-11-30 08:33:59,650 | INFO : Epoch #111
2022-11-30 08:33:59,650 | INFO : 	 train_acc: 96.598; train_loss: 0.169; test_loss: 26.973; lr: [0.001]
2022-11-30 08:33:59,651 | INFO : 	 test_acc: 91.2 (best: 91.41 from #110)
2022-11-30 08:35:04,126 | INFO : Epoch #112
2022-11-30 08:35:04,126 | INFO : 	 train_acc: 96.556; train_loss: 0.245; test_loss: 27.226; lr: [0.001]
2022-11-30 08:35:04,126 | INFO : 	 test_acc: 91.15 (best: 91.41 from #110)
2022-11-30 08:36:08,957 | INFO : Epoch #113
2022-11-30 08:36:08,957 | INFO : 	 train_acc: 96.61; train_loss: 0.391; test_loss: 27.265; lr: [0.001]
2022-11-30 08:36:08,957 | INFO : 	 test_acc: 91.27 (best: 91.41 from #110)
2022-11-30 08:37:14,335 | INFO : Epoch #114
2022-11-30 08:37:14,335 | INFO : 	 train_acc: 96.674; train_loss: 0.044; test_loss: 27.087; lr: [0.001]
2022-11-30 08:37:14,335 | INFO : 	 test_acc: 91.36 (best: 91.41 from #110)
2022-11-30 08:38:19,882 | INFO : Epoch #115
2022-11-30 08:38:19,882 | INFO : 	 train_acc: 96.71; train_loss: 0.412; test_loss: 27.044; lr: [0.001]
2022-11-30 08:38:19,882 | INFO : 	 test_acc: 91.48 (best: 91.48 from #115)
2022-11-30 08:39:25,621 | INFO : Epoch #116
2022-11-30 08:39:25,621 | INFO : 	 train_acc: 96.708; train_loss: 0.057; test_loss: 27.052; lr: [0.001]
2022-11-30 08:39:25,621 | INFO : 	 test_acc: 91.44 (best: 91.48 from #115)
2022-11-30 08:40:30,896 | INFO : Epoch #117
2022-11-30 08:40:30,896 | INFO : 	 train_acc: 96.802; train_loss: 0.079; test_loss: 27.562; lr: [0.001]
2022-11-30 08:40:30,896 | INFO : 	 test_acc: 91.17 (best: 91.48 from #115)
2022-11-30 08:41:36,230 | INFO : Epoch #118
2022-11-30 08:41:36,230 | INFO : 	 train_acc: 96.728; train_loss: 0.428; test_loss: 27.218; lr: [0.001]
2022-11-30 08:41:36,230 | INFO : 	 test_acc: 91.43 (best: 91.48 from #115)
2022-11-30 08:42:41,419 | INFO : Epoch #119
2022-11-30 08:42:41,419 | INFO : 	 train_acc: 96.864; train_loss: 0.328; test_loss: 27.628; lr: [0.001]
2022-11-30 08:42:41,419 | INFO : 	 test_acc: 91.43 (best: 91.48 from #115)
2022-11-30 08:43:46,881 | INFO : Epoch #120
2022-11-30 08:43:46,881 | INFO : 	 train_acc: 96.792; train_loss: 0.101; test_loss: 27.892; lr: [0.001]
2022-11-30 08:43:46,881 | INFO : 	 test_acc: 91.26 (best: 91.48 from #115)
2022-11-30 08:44:52,044 | INFO : Epoch #121
2022-11-30 08:44:52,044 | INFO : 	 train_acc: 97.004; train_loss: 0.093; test_loss: 27.251; lr: [0.001]
2022-11-30 08:44:52,044 | INFO : 	 test_acc: 91.43 (best: 91.48 from #115)
2022-11-30 08:45:57,322 | INFO : Epoch #122
2022-11-30 08:45:57,323 | INFO : 	 train_acc: 97.116; train_loss: 0.136; test_loss: 28.189; lr: [0.001]
2022-11-30 08:45:57,323 | INFO : 	 test_acc: 91.15 (best: 91.48 from #115)
2022-11-30 08:47:02,683 | INFO : Epoch #123
2022-11-30 08:47:02,684 | INFO : 	 train_acc: 97.084; train_loss: 0.141; test_loss: 27.623; lr: [0.001]
2022-11-30 08:47:02,684 | INFO : 	 test_acc: 91.41 (best: 91.48 from #115)
2022-11-30 08:48:07,738 | INFO : Epoch #124
2022-11-30 08:48:07,738 | INFO : 	 train_acc: 97.248; train_loss: 0.162; test_loss: 28.229; lr: [0.001]
2022-11-30 08:48:07,738 | INFO : 	 test_acc: 91.31 (best: 91.48 from #115)
2022-11-30 08:49:12,830 | INFO : Epoch #125
2022-11-30 08:49:12,830 | INFO : 	 train_acc: 97.216; train_loss: 0.097; test_loss: 28.215; lr: [0.001]
2022-11-30 08:49:12,830 | INFO : 	 test_acc: 91.42 (best: 91.48 from #115)
2022-11-30 08:50:18,297 | INFO : Epoch #126
2022-11-30 08:50:18,298 | INFO : 	 train_acc: 97.104; train_loss: 0.274; test_loss: 28.155; lr: [0.001]
2022-11-30 08:50:18,298 | INFO : 	 test_acc: 91.35 (best: 91.48 from #115)
2022-11-30 08:51:23,891 | INFO : Epoch #127
2022-11-30 08:51:23,891 | INFO : 	 train_acc: 97.272; train_loss: 0.060; test_loss: 27.946; lr: [0.001]
2022-11-30 08:51:23,891 | INFO : 	 test_acc: 91.4 (best: 91.48 from #115)
2022-11-30 08:52:29,282 | INFO : Epoch #128
2022-11-30 08:52:29,282 | INFO : 	 train_acc: 97.202; train_loss: 0.215; test_loss: 28.109; lr: [0.001]
2022-11-30 08:52:29,282 | INFO : 	 test_acc: 91.13 (best: 91.48 from #115)
2022-11-30 08:53:35,328 | INFO : Epoch #129
2022-11-30 08:53:35,328 | INFO : 	 train_acc: 97.134; train_loss: 0.229; test_loss: 27.836; lr: [0.001]
2022-11-30 08:53:35,328 | INFO : 	 test_acc: 91.62 (best: 91.62 from #129)
2022-11-30 08:54:41,109 | INFO : Epoch #130
2022-11-30 08:54:41,110 | INFO : 	 train_acc: 97.286; train_loss: 0.255; test_loss: 28.216; lr: [0.001]
2022-11-30 08:54:41,110 | INFO : 	 test_acc: 91.28 (best: 91.62 from #129)
2022-11-30 08:55:46,692 | INFO : Epoch #131
2022-11-30 08:55:46,692 | INFO : 	 train_acc: 97.342; train_loss: 0.193; test_loss: 28.197; lr: [0.001]
2022-11-30 08:55:46,692 | INFO : 	 test_acc: 91.4 (best: 91.62 from #129)
2022-11-30 08:56:53,150 | INFO : Epoch #132
2022-11-30 08:56:53,150 | INFO : 	 train_acc: 97.268; train_loss: 0.219; test_loss: 28.768; lr: [0.001]
2022-11-30 08:56:53,150 | INFO : 	 test_acc: 91.2 (best: 91.62 from #129)
2022-11-30 08:57:59,007 | INFO : Epoch #133
2022-11-30 08:57:59,007 | INFO : 	 train_acc: 97.362; train_loss: 0.117; test_loss: 28.245; lr: [0.001]
2022-11-30 08:57:59,007 | INFO : 	 test_acc: 91.36 (best: 91.62 from #129)
2022-11-30 08:59:04,767 | INFO : Epoch #134
2022-11-30 08:59:04,767 | INFO : 	 train_acc: 97.38; train_loss: 0.087; test_loss: 28.228; lr: [0.001]
2022-11-30 08:59:04,767 | INFO : 	 test_acc: 91.65 (best: 91.65 from #134)
2022-11-30 09:00:10,619 | INFO : Epoch #135
2022-11-30 09:00:10,619 | INFO : 	 train_acc: 97.392; train_loss: 0.028; test_loss: 28.897; lr: [0.001]
2022-11-30 09:00:10,619 | INFO : 	 test_acc: 91.31 (best: 91.65 from #134)
2022-11-30 09:01:16,608 | INFO : Epoch #136
2022-11-30 09:01:16,608 | INFO : 	 train_acc: 97.342; train_loss: 0.426; test_loss: 28.818; lr: [0.001]
2022-11-30 09:01:16,608 | INFO : 	 test_acc: 91.09 (best: 91.65 from #134)
2022-11-30 09:02:22,460 | INFO : Epoch #137
2022-11-30 09:02:22,461 | INFO : 	 train_acc: 97.518; train_loss: 0.188; test_loss: 28.475; lr: [0.001]
2022-11-30 09:02:22,461 | INFO : 	 test_acc: 91.34 (best: 91.65 from #134)
2022-11-30 09:03:27,725 | INFO : Epoch #138
2022-11-30 09:03:27,726 | INFO : 	 train_acc: 97.432; train_loss: 0.074; test_loss: 29.134; lr: [0.001]
2022-11-30 09:03:27,726 | INFO : 	 test_acc: 91.24 (best: 91.65 from #134)
2022-11-30 09:04:33,049 | INFO : Epoch #139
2022-11-30 09:04:33,049 | INFO : 	 train_acc: 97.388; train_loss: 0.329; test_loss: 29.357; lr: [0.001]
2022-11-30 09:04:33,050 | INFO : 	 test_acc: 91.24 (best: 91.65 from #134)
2022-11-30 09:05:38,434 | INFO : Epoch #140
2022-11-30 09:05:38,435 | INFO : 	 train_acc: 97.45; train_loss: 0.489; test_loss: 28.895; lr: [0.001]
2022-11-30 09:05:38,435 | INFO : 	 test_acc: 91.18 (best: 91.65 from #134)
2022-11-30 09:06:43,755 | INFO : Epoch #141
2022-11-30 09:06:43,755 | INFO : 	 train_acc: 97.518; train_loss: 0.143; test_loss: 29.612; lr: [0.001]
2022-11-30 09:06:43,755 | INFO : 	 test_acc: 90.96 (best: 91.65 from #134)
2022-11-30 09:07:48,978 | INFO : Epoch #142
2022-11-30 09:07:48,979 | INFO : 	 train_acc: 97.444; train_loss: 0.175; test_loss: 29.668; lr: [0.001]
2022-11-30 09:07:48,979 | INFO : 	 test_acc: 91.05 (best: 91.65 from #134)
2022-11-30 09:08:54,560 | INFO : Epoch #143
2022-11-30 09:08:54,560 | INFO : 	 train_acc: 97.442; train_loss: 0.098; test_loss: 29.936; lr: [0.001]
2022-11-30 09:08:54,560 | INFO : 	 test_acc: 91.24 (best: 91.65 from #134)
2022-11-30 09:10:00,245 | INFO : Epoch #144
2022-11-30 09:10:00,246 | INFO : 	 train_acc: 97.592; train_loss: 0.064; test_loss: 29.155; lr: [0.001]
2022-11-30 09:10:00,246 | INFO : 	 test_acc: 91.19 (best: 91.65 from #134)
2022-11-30 09:11:06,070 | INFO : Epoch #145
2022-11-30 09:11:06,070 | INFO : 	 train_acc: 97.432; train_loss: 0.349; test_loss: 29.374; lr: [0.001]
2022-11-30 09:11:06,071 | INFO : 	 test_acc: 91.3 (best: 91.65 from #134)
2022-11-30 09:12:11,989 | INFO : Epoch #146
2022-11-30 09:12:11,989 | INFO : 	 train_acc: 97.552; train_loss: 0.047; test_loss: 29.730; lr: [0.001]
2022-11-30 09:12:11,989 | INFO : 	 test_acc: 91.29 (best: 91.65 from #134)
2022-11-30 09:13:17,798 | INFO : Epoch #147
2022-11-30 09:13:17,799 | INFO : 	 train_acc: 97.554; train_loss: 0.011; test_loss: 29.183; lr: [0.001]
2022-11-30 09:13:17,799 | INFO : 	 test_acc: 91.35 (best: 91.65 from #134)
2022-11-30 09:14:23,192 | INFO : Epoch #148
2022-11-30 09:14:23,192 | INFO : 	 train_acc: 97.66; train_loss: 0.088; test_loss: 29.721; lr: [0.001]
2022-11-30 09:14:23,193 | INFO : 	 test_acc: 91.24 (best: 91.65 from #134)
2022-11-30 09:15:28,051 | INFO : Epoch #149
2022-11-30 09:15:28,051 | INFO : 	 train_acc: 97.72; train_loss: 0.022; test_loss: 30.145; lr: [0.001]
2022-11-30 09:15:28,051 | INFO : 	 test_acc: 91.3 (best: 91.65 from #134)
2022-11-30 09:16:33,101 | INFO : Epoch #150
2022-11-30 09:16:33,101 | INFO : 	 train_acc: 97.658; train_loss: 0.201; test_loss: 30.572; lr: [0.001]
2022-11-30 09:16:33,101 | INFO : 	 test_acc: 90.68 (best: 91.65 from #134)
2022-11-30 09:17:38,434 | INFO : Epoch #151
2022-11-30 09:17:38,434 | INFO : 	 train_acc: 97.662; train_loss: 0.177; test_loss: 31.211; lr: [0.001]
2022-11-30 09:17:38,434 | INFO : 	 test_acc: 91.17 (best: 91.65 from #134)
2022-11-30 09:18:44,378 | INFO : Epoch #152
2022-11-30 09:18:44,378 | INFO : 	 train_acc: 97.568; train_loss: 0.024; test_loss: 29.936; lr: [0.001]
2022-11-30 09:18:44,378 | INFO : 	 test_acc: 91.28 (best: 91.65 from #134)
2022-11-30 09:19:50,396 | INFO : Epoch #153
2022-11-30 09:19:50,396 | INFO : 	 train_acc: 97.68; train_loss: 0.442; test_loss: 30.043; lr: [0.001]
2022-11-30 09:19:50,396 | INFO : 	 test_acc: 90.89 (best: 91.65 from #134)
2022-11-30 09:20:56,407 | INFO : Epoch #154
2022-11-30 09:20:56,407 | INFO : 	 train_acc: 97.602; train_loss: 0.488; test_loss: 30.318; lr: [0.001]
2022-11-30 09:20:56,407 | INFO : 	 test_acc: 91.24 (best: 91.65 from #134)
2022-11-30 09:22:01,973 | INFO : Epoch #155
2022-11-30 09:22:01,973 | INFO : 	 train_acc: 97.696; train_loss: 0.010; test_loss: 30.269; lr: [0.001]
2022-11-30 09:22:01,973 | INFO : 	 test_acc: 91.09 (best: 91.65 from #134)
2022-11-30 09:23:07,985 | INFO : Epoch #156
2022-11-30 09:23:07,985 | INFO : 	 train_acc: 97.654; train_loss: 0.118; test_loss: 30.380; lr: [0.001]
2022-11-30 09:23:07,985 | INFO : 	 test_acc: 91.18 (best: 91.65 from #134)
2022-11-30 09:24:13,760 | INFO : Epoch #157
2022-11-30 09:24:13,760 | INFO : 	 train_acc: 97.638; train_loss: 0.296; test_loss: 30.335; lr: [0.001]
2022-11-30 09:24:13,760 | INFO : 	 test_acc: 91.16 (best: 91.65 from #134)
2022-11-30 09:25:19,140 | INFO : Epoch #158
2022-11-30 09:25:19,140 | INFO : 	 train_acc: 97.766; train_loss: 0.007; test_loss: 31.110; lr: [0.001]
2022-11-30 09:25:19,140 | INFO : 	 test_acc: 90.75 (best: 91.65 from #134)
2022-11-30 09:26:23,952 | INFO : Epoch #159
2022-11-30 09:26:23,952 | INFO : 	 train_acc: 97.694; train_loss: 0.203; test_loss: 31.037; lr: [0.001]
2022-11-30 09:26:23,952 | INFO : 	 test_acc: 90.86 (best: 91.65 from #134)
2022-11-30 09:27:29,134 | INFO : Epoch #160
2022-11-30 09:27:29,134 | INFO : 	 train_acc: 97.786; train_loss: 0.112; test_loss: 31.056; lr: [0.001]
2022-11-30 09:27:29,135 | INFO : 	 test_acc: 90.9 (best: 91.65 from #134)
2022-11-30 09:28:34,816 | INFO : Epoch #161
2022-11-30 09:28:34,816 | INFO : 	 train_acc: 97.698; train_loss: 0.040; test_loss: 30.413; lr: [0.001]
2022-11-30 09:28:34,816 | INFO : 	 test_acc: 91.09 (best: 91.65 from #134)
2022-11-30 09:29:40,701 | INFO : Epoch #162
2022-11-30 09:29:40,702 | INFO : 	 train_acc: 97.786; train_loss: 0.252; test_loss: 30.467; lr: [0.001]
2022-11-30 09:29:40,702 | INFO : 	 test_acc: 90.87 (best: 91.65 from #134)
2022-11-30 09:30:46,321 | INFO : Epoch #163
2022-11-30 09:30:46,321 | INFO : 	 train_acc: 97.7; train_loss: 0.181; test_loss: 31.231; lr: [0.001]
2022-11-30 09:30:46,322 | INFO : 	 test_acc: 90.93 (best: 91.65 from #134)
2022-11-30 09:31:51,937 | INFO : Epoch #164
2022-11-30 09:31:51,937 | INFO : 	 train_acc: 97.788; train_loss: 0.370; test_loss: 31.542; lr: [0.001]
2022-11-30 09:31:51,937 | INFO : 	 test_acc: 91.01 (best: 91.65 from #134)
2022-11-30 09:32:57,249 | INFO : Epoch #165
2022-11-30 09:32:57,249 | INFO : 	 train_acc: 97.744; train_loss: 0.237; test_loss: 31.082; lr: [0.001]
2022-11-30 09:32:57,249 | INFO : 	 test_acc: 91.09 (best: 91.65 from #134)
2022-11-30 09:34:02,645 | INFO : Epoch #166
2022-11-30 09:34:02,645 | INFO : 	 train_acc: 97.716; train_loss: 0.028; test_loss: 31.038; lr: [0.001]
2022-11-30 09:34:02,646 | INFO : 	 test_acc: 91.19 (best: 91.65 from #134)
2022-11-30 09:35:07,989 | INFO : Epoch #167
2022-11-30 09:35:07,989 | INFO : 	 train_acc: 97.676; train_loss: 0.393; test_loss: 30.847; lr: [0.001]
2022-11-30 09:35:07,990 | INFO : 	 test_acc: 91.05 (best: 91.65 from #134)
2022-11-30 09:36:13,786 | INFO : Epoch #168
2022-11-30 09:36:13,786 | INFO : 	 train_acc: 97.736; train_loss: 0.506; test_loss: 30.295; lr: [0.001]
2022-11-30 09:36:13,787 | INFO : 	 test_acc: 91.16 (best: 91.65 from #134)
2022-11-30 09:37:20,095 | INFO : Epoch #169
2022-11-30 09:37:20,095 | INFO : 	 train_acc: 97.774; train_loss: 0.007; test_loss: 30.087; lr: [0.001]
2022-11-30 09:37:20,095 | INFO : 	 test_acc: 91.14 (best: 91.65 from #134)
2022-11-30 09:38:26,069 | INFO : Epoch #170
2022-11-30 09:38:26,070 | INFO : 	 train_acc: 97.834; train_loss: 0.121; test_loss: 30.769; lr: [0.001]
2022-11-30 09:38:26,070 | INFO : 	 test_acc: 91.11 (best: 91.65 from #134)
2022-11-30 09:39:31,984 | INFO : Epoch #171
2022-11-30 09:39:31,984 | INFO : 	 train_acc: 97.74; train_loss: 0.055; test_loss: 30.448; lr: [0.001]
2022-11-30 09:39:31,984 | INFO : 	 test_acc: 91.06 (best: 91.65 from #134)
2022-11-30 09:40:37,684 | INFO : Epoch #172
2022-11-30 09:40:37,684 | INFO : 	 train_acc: 97.956; train_loss: 0.069; test_loss: 30.835; lr: [0.001]
2022-11-30 09:40:37,684 | INFO : 	 test_acc: 90.81 (best: 91.65 from #134)
2022-11-30 09:41:43,069 | INFO : Epoch #173
2022-11-30 09:41:43,070 | INFO : 	 train_acc: 97.74; train_loss: 0.161; test_loss: 30.698; lr: [0.001]
2022-11-30 09:41:43,070 | INFO : 	 test_acc: 91.1 (best: 91.65 from #134)
2022-11-30 09:42:48,773 | INFO : Epoch #174
2022-11-30 09:42:48,774 | INFO : 	 train_acc: 97.852; train_loss: 0.099; test_loss: 30.997; lr: [0.001]
2022-11-30 09:42:48,774 | INFO : 	 test_acc: 90.9 (best: 91.65 from #134)
2022-11-30 09:43:54,351 | INFO : Epoch #175
2022-11-30 09:43:54,352 | INFO : 	 train_acc: 97.922; train_loss: 0.310; test_loss: 30.774; lr: [0.001]
2022-11-30 09:43:54,352 | INFO : 	 test_acc: 91.22 (best: 91.65 from #134)
2022-11-30 09:45:00,402 | INFO : Epoch #176
2022-11-30 09:45:00,402 | INFO : 	 train_acc: 97.94; train_loss: 0.032; test_loss: 32.188; lr: [0.001]
2022-11-30 09:45:00,402 | INFO : 	 test_acc: 90.82 (best: 91.65 from #134)
2022-11-30 09:46:06,446 | INFO : Epoch #177
2022-11-30 09:46:06,447 | INFO : 	 train_acc: 97.874; train_loss: 0.497; test_loss: 31.448; lr: [0.001]
2022-11-30 09:46:06,447 | INFO : 	 test_acc: 90.92 (best: 91.65 from #134)
2022-11-30 09:47:12,684 | INFO : Epoch #178
2022-11-30 09:47:12,684 | INFO : 	 train_acc: 97.864; train_loss: 0.367; test_loss: 31.769; lr: [0.001]
2022-11-30 09:47:12,684 | INFO : 	 test_acc: 90.98 (best: 91.65 from #134)
2022-11-30 09:48:18,899 | INFO : Epoch #179
2022-11-30 09:48:18,899 | INFO : 	 train_acc: 97.784; train_loss: 0.291; test_loss: 31.862; lr: [0.001]
2022-11-30 09:48:18,899 | INFO : 	 test_acc: 91.1 (best: 91.65 from #134)
2022-11-30 09:49:24,927 | INFO : Epoch #180
2022-11-30 09:49:24,927 | INFO : 	 train_acc: 97.824; train_loss: 0.299; test_loss: 32.267; lr: [0.001]
2022-11-30 09:49:24,927 | INFO : 	 test_acc: 90.81 (best: 91.65 from #134)
2022-11-30 09:50:31,082 | INFO : Epoch #181
2022-11-30 09:50:31,083 | INFO : 	 train_acc: 97.744; train_loss: 0.014; test_loss: 32.037; lr: [0.001]
2022-11-30 09:50:31,083 | INFO : 	 test_acc: 90.95 (best: 91.65 from #134)
2022-11-30 09:51:37,131 | INFO : Epoch #182
2022-11-30 09:51:37,131 | INFO : 	 train_acc: 97.988; train_loss: 0.163; test_loss: 31.120; lr: [0.001]
2022-11-30 09:51:37,131 | INFO : 	 test_acc: 91.1 (best: 91.65 from #134)
2022-11-30 09:52:43,206 | INFO : Epoch #183
2022-11-30 09:52:43,206 | INFO : 	 train_acc: 98.04; train_loss: 0.075; test_loss: 30.981; lr: [0.001]
2022-11-30 09:52:43,207 | INFO : 	 test_acc: 91.14 (best: 91.65 from #134)
2022-11-30 09:53:48,897 | INFO : Epoch #184
2022-11-30 09:53:48,897 | INFO : 	 train_acc: 97.958; train_loss: 0.205; test_loss: 32.580; lr: [0.001]
2022-11-30 09:53:48,897 | INFO : 	 test_acc: 90.83 (best: 91.65 from #134)
2022-11-30 09:54:54,410 | INFO : Epoch #185
2022-11-30 09:54:54,410 | INFO : 	 train_acc: 97.862; train_loss: 0.046; test_loss: 31.837; lr: [0.001]
2022-11-30 09:54:54,410 | INFO : 	 test_acc: 90.97 (best: 91.65 from #134)
2022-11-30 09:55:59,694 | INFO : Epoch #186
2022-11-30 09:55:59,694 | INFO : 	 train_acc: 97.984; train_loss: 0.013; test_loss: 32.396; lr: [0.001]
2022-11-30 09:55:59,694 | INFO : 	 test_acc: 90.81 (best: 91.65 from #134)
2022-11-30 09:57:05,132 | INFO : Epoch #187
2022-11-30 09:57:05,133 | INFO : 	 train_acc: 97.88; train_loss: 0.482; test_loss: 32.442; lr: [0.001]
2022-11-30 09:57:05,133 | INFO : 	 test_acc: 90.88 (best: 91.65 from #134)
2022-11-30 09:58:10,830 | INFO : Epoch #188
2022-11-30 09:58:10,830 | INFO : 	 train_acc: 97.846; train_loss: 0.062; test_loss: 32.429; lr: [0.001]
2022-11-30 09:58:10,830 | INFO : 	 test_acc: 90.9 (best: 91.65 from #134)
2022-11-30 09:59:17,050 | INFO : Epoch #189
2022-11-30 09:59:17,051 | INFO : 	 train_acc: 97.898; train_loss: 0.133; test_loss: 31.805; lr: [0.001]
2022-11-30 09:59:17,051 | INFO : 	 test_acc: 90.77 (best: 91.65 from #134)
2022-11-30 10:00:23,446 | INFO : Epoch #190
2022-11-30 10:00:23,446 | INFO : 	 train_acc: 97.908; train_loss: 0.046; test_loss: 32.137; lr: [0.001]
2022-11-30 10:00:23,447 | INFO : 	 test_acc: 90.63 (best: 91.65 from #134)
2022-11-30 10:01:29,296 | INFO : Epoch #191
2022-11-30 10:01:29,296 | INFO : 	 train_acc: 97.796; train_loss: 0.099; test_loss: 32.951; lr: [0.001]
2022-11-30 10:01:29,296 | INFO : 	 test_acc: 90.78 (best: 91.65 from #134)
2022-11-30 10:02:35,098 | INFO : Epoch #192
2022-11-30 10:02:35,099 | INFO : 	 train_acc: 97.922; train_loss: 0.007; test_loss: 32.456; lr: [0.001]
2022-11-30 10:02:35,099 | INFO : 	 test_acc: 90.77 (best: 91.65 from #134)
2022-11-30 10:03:40,954 | INFO : Epoch #193
2022-11-30 10:03:40,954 | INFO : 	 train_acc: 97.908; train_loss: 0.180; test_loss: 32.409; lr: [0.001]
2022-11-30 10:03:40,954 | INFO : 	 test_acc: 90.86 (best: 91.65 from #134)
2022-11-30 10:04:47,287 | INFO : Epoch #194
2022-11-30 10:04:47,287 | INFO : 	 train_acc: 97.828; train_loss: 0.049; test_loss: 32.538; lr: [0.001]
2022-11-30 10:04:47,287 | INFO : 	 test_acc: 90.87 (best: 91.65 from #134)
2022-11-30 10:05:53,482 | INFO : Epoch #195
2022-11-30 10:05:53,482 | INFO : 	 train_acc: 97.968; train_loss: 0.029; test_loss: 32.913; lr: [0.001]
2022-11-30 10:05:53,482 | INFO : 	 test_acc: 90.52 (best: 91.65 from #134)
2022-11-30 10:06:59,690 | INFO : Epoch #196
2022-11-30 10:06:59,690 | INFO : 	 train_acc: 97.96; train_loss: 0.021; test_loss: 33.829; lr: [0.001]
2022-11-30 10:06:59,690 | INFO : 	 test_acc: 90.93 (best: 91.65 from #134)
2022-11-30 10:08:05,690 | INFO : Epoch #197
2022-11-30 10:08:05,690 | INFO : 	 train_acc: 97.848; train_loss: 0.084; test_loss: 32.694; lr: [0.001]
2022-11-30 10:08:05,690 | INFO : 	 test_acc: 90.88 (best: 91.65 from #134)
2022-11-30 10:09:11,979 | INFO : Epoch #198
2022-11-30 10:09:11,980 | INFO : 	 train_acc: 97.954; train_loss: 0.048; test_loss: 34.057; lr: [0.001]
2022-11-30 10:09:11,980 | INFO : 	 test_acc: 90.69 (best: 91.65 from #134)
2022-11-30 10:10:17,981 | INFO : Epoch #199
2022-11-30 10:10:17,981 | INFO : 	 train_acc: 97.952; train_loss: 0.016; test_loss: 33.029; lr: [0.001]
2022-11-30 10:10:17,981 | INFO : 	 test_acc: 90.66 (best: 91.65 from #134)
2022-11-30 10:11:24,409 | INFO : Epoch #200
2022-11-30 10:11:24,409 | INFO : 	 train_acc: 98.31; train_loss: 0.034; test_loss: 31.015; lr: [0.0001]
2022-11-30 10:11:24,409 | INFO : 	 test_acc: 91.22 (best: 91.65 from #134)
2022-11-30 10:12:30,726 | INFO : Epoch #201
2022-11-30 10:12:30,726 | INFO : 	 train_acc: 98.63; train_loss: 0.258; test_loss: 31.040; lr: [0.0001]
2022-11-30 10:12:30,726 | INFO : 	 test_acc: 91.12 (best: 91.65 from #134)
2022-11-30 10:13:36,649 | INFO : Epoch #202
2022-11-30 10:13:36,649 | INFO : 	 train_acc: 98.596; train_loss: 0.188; test_loss: 31.158; lr: [0.0001]
2022-11-30 10:13:36,649 | INFO : 	 test_acc: 91.23 (best: 91.65 from #134)
2022-11-30 10:14:42,692 | INFO : Epoch #203
2022-11-30 10:14:42,693 | INFO : 	 train_acc: 98.722; train_loss: 0.174; test_loss: 30.598; lr: [0.0001]
2022-11-30 10:14:42,693 | INFO : 	 test_acc: 91.31 (best: 91.65 from #134)
2022-11-30 10:15:49,149 | INFO : Epoch #204
2022-11-30 10:15:49,149 | INFO : 	 train_acc: 98.7; train_loss: 0.031; test_loss: 30.901; lr: [0.0001]
2022-11-30 10:15:49,149 | INFO : 	 test_acc: 91.3 (best: 91.65 from #134)
2022-11-30 10:16:55,542 | INFO : Epoch #205
2022-11-30 10:16:55,542 | INFO : 	 train_acc: 98.862; train_loss: 0.103; test_loss: 30.999; lr: [0.0001]
2022-11-30 10:16:55,542 | INFO : 	 test_acc: 91.21 (best: 91.65 from #134)
2022-11-30 10:18:01,995 | INFO : Epoch #206
2022-11-30 10:18:01,995 | INFO : 	 train_acc: 98.808; train_loss: 0.011; test_loss: 31.016; lr: [0.0001]
2022-11-30 10:18:01,996 | INFO : 	 test_acc: 91.28 (best: 91.65 from #134)
2022-11-30 10:19:08,438 | INFO : Epoch #207
2022-11-30 10:19:08,438 | INFO : 	 train_acc: 98.862; train_loss: 0.019; test_loss: 30.929; lr: [0.0001]
2022-11-30 10:19:08,438 | INFO : 	 test_acc: 91.32 (best: 91.65 from #134)
2022-11-30 10:20:14,824 | INFO : Epoch #208
2022-11-30 10:20:14,825 | INFO : 	 train_acc: 98.838; train_loss: 0.011; test_loss: 30.501; lr: [0.0001]
2022-11-30 10:20:14,825 | INFO : 	 test_acc: 91.3 (best: 91.65 from #134)
2022-11-30 10:21:21,344 | INFO : Epoch #209
2022-11-30 10:21:21,344 | INFO : 	 train_acc: 98.856; train_loss: 0.186; test_loss: 30.789; lr: [0.0001]
2022-11-30 10:21:21,344 | INFO : 	 test_acc: 91.26 (best: 91.65 from #134)
2022-11-30 10:22:27,958 | INFO : Epoch #210
2022-11-30 10:22:27,958 | INFO : 	 train_acc: 98.788; train_loss: 0.014; test_loss: 31.343; lr: [0.0001]
2022-11-30 10:22:27,958 | INFO : 	 test_acc: 91.27 (best: 91.65 from #134)
2022-11-30 10:23:34,116 | INFO : Epoch #211
2022-11-30 10:23:34,116 | INFO : 	 train_acc: 98.84; train_loss: 0.084; test_loss: 30.711; lr: [0.0001]
2022-11-30 10:23:34,116 | INFO : 	 test_acc: 91.25 (best: 91.65 from #134)
2022-11-30 10:24:40,717 | INFO : Epoch #212
2022-11-30 10:24:40,717 | INFO : 	 train_acc: 98.838; train_loss: 0.009; test_loss: 30.814; lr: [0.0001]
2022-11-30 10:24:40,717 | INFO : 	 test_acc: 91.17 (best: 91.65 from #134)
2022-11-30 10:25:47,221 | INFO : Epoch #213
2022-11-30 10:25:47,221 | INFO : 	 train_acc: 98.882; train_loss: 0.022; test_loss: 30.829; lr: [0.0001]
2022-11-30 10:25:47,221 | INFO : 	 test_acc: 91.17 (best: 91.65 from #134)
2022-11-30 10:26:53,578 | INFO : Epoch #214
2022-11-30 10:26:53,578 | INFO : 	 train_acc: 98.886; train_loss: 0.023; test_loss: 30.906; lr: [0.0001]
2022-11-30 10:26:53,578 | INFO : 	 test_acc: 91.21 (best: 91.65 from #134)
2022-11-30 10:28:00,143 | INFO : Epoch #215
2022-11-30 10:28:00,143 | INFO : 	 train_acc: 98.79; train_loss: 0.079; test_loss: 31.261; lr: [0.0001]
2022-11-30 10:28:00,144 | INFO : 	 test_acc: 91.26 (best: 91.65 from #134)
2022-11-30 10:29:06,695 | INFO : Epoch #216
2022-11-30 10:29:06,696 | INFO : 	 train_acc: 98.88; train_loss: 0.267; test_loss: 31.182; lr: [0.0001]
2022-11-30 10:29:06,696 | INFO : 	 test_acc: 91.17 (best: 91.65 from #134)
2022-11-30 10:30:12,963 | INFO : Epoch #217
2022-11-30 10:30:12,963 | INFO : 	 train_acc: 98.966; train_loss: 0.070; test_loss: 30.771; lr: [0.0001]
2022-11-30 10:30:12,963 | INFO : 	 test_acc: 91.17 (best: 91.65 from #134)
2022-11-30 10:31:19,108 | INFO : Epoch #218
2022-11-30 10:31:19,109 | INFO : 	 train_acc: 98.9; train_loss: 0.119; test_loss: 30.697; lr: [0.0001]
2022-11-30 10:31:19,109 | INFO : 	 test_acc: 91.29 (best: 91.65 from #134)
2022-11-30 10:32:25,200 | INFO : Epoch #219
2022-11-30 10:32:25,201 | INFO : 	 train_acc: 98.914; train_loss: 0.275; test_loss: 30.925; lr: [0.0001]
2022-11-30 10:32:25,201 | INFO : 	 test_acc: 91.23 (best: 91.65 from #134)
2022-11-30 10:33:31,224 | INFO : Epoch #220
2022-11-30 10:33:31,224 | INFO : 	 train_acc: 98.894; train_loss: 0.106; test_loss: 31.113; lr: [0.0001]
2022-11-30 10:33:31,224 | INFO : 	 test_acc: 91.21 (best: 91.65 from #134)
2022-11-30 10:34:37,989 | INFO : Epoch #221
2022-11-30 10:34:37,989 | INFO : 	 train_acc: 98.828; train_loss: 0.057; test_loss: 31.090; lr: [0.0001]
2022-11-30 10:34:37,989 | INFO : 	 test_acc: 91.18 (best: 91.65 from #134)
2022-11-30 10:35:44,426 | INFO : Epoch #222
2022-11-30 10:35:44,426 | INFO : 	 train_acc: 98.914; train_loss: 0.020; test_loss: 30.825; lr: [0.0001]
2022-11-30 10:35:44,427 | INFO : 	 test_acc: 91.35 (best: 91.65 from #134)
2022-11-30 10:36:50,835 | INFO : Epoch #223
2022-11-30 10:36:50,835 | INFO : 	 train_acc: 98.998; train_loss: 0.029; test_loss: 30.939; lr: [0.0001]
2022-11-30 10:36:50,835 | INFO : 	 test_acc: 91.19 (best: 91.65 from #134)
2022-11-30 10:37:57,492 | INFO : Epoch #224
2022-11-30 10:37:57,493 | INFO : 	 train_acc: 98.912; train_loss: 0.366; test_loss: 30.946; lr: [0.0001]
2022-11-30 10:37:57,493 | INFO : 	 test_acc: 91.16 (best: 91.65 from #134)
2022-11-30 10:39:04,079 | INFO : Epoch #225
2022-11-30 10:39:04,079 | INFO : 	 train_acc: 99.034; train_loss: 0.043; test_loss: 30.887; lr: [0.0001]
2022-11-30 10:39:04,079 | INFO : 	 test_acc: 91.31 (best: 91.65 from #134)
2022-11-30 10:40:10,727 | INFO : Epoch #226
2022-11-30 10:40:10,728 | INFO : 	 train_acc: 99.004; train_loss: 0.162; test_loss: 30.841; lr: [0.0001]
2022-11-30 10:40:10,728 | INFO : 	 test_acc: 91.13 (best: 91.65 from #134)
2022-11-30 10:41:17,374 | INFO : Epoch #227
2022-11-30 10:41:17,374 | INFO : 	 train_acc: 98.958; train_loss: 0.104; test_loss: 31.148; lr: [0.0001]
2022-11-30 10:41:17,374 | INFO : 	 test_acc: 91.22 (best: 91.65 from #134)
2022-11-30 10:42:24,033 | INFO : Epoch #228
2022-11-30 10:42:24,034 | INFO : 	 train_acc: 98.97; train_loss: 0.045; test_loss: 30.678; lr: [0.0001]
2022-11-30 10:42:24,034 | INFO : 	 test_acc: 91.3 (best: 91.65 from #134)
2022-11-30 10:43:30,694 | INFO : Epoch #229
2022-11-30 10:43:30,694 | INFO : 	 train_acc: 98.972; train_loss: 0.027; test_loss: 31.006; lr: [0.0001]
2022-11-30 10:43:30,694 | INFO : 	 test_acc: 91.33 (best: 91.65 from #134)
2022-11-30 10:44:37,210 | INFO : Epoch #230
2022-11-30 10:44:37,210 | INFO : 	 train_acc: 99.016; train_loss: 0.018; test_loss: 31.117; lr: [0.0001]
2022-11-30 10:44:37,210 | INFO : 	 test_acc: 91.3 (best: 91.65 from #134)
2022-11-30 10:45:43,722 | INFO : Epoch #231
2022-11-30 10:45:43,722 | INFO : 	 train_acc: 98.982; train_loss: 0.031; test_loss: 31.494; lr: [0.0001]
2022-11-30 10:45:43,722 | INFO : 	 test_acc: 91.33 (best: 91.65 from #134)
2022-11-30 10:46:50,823 | INFO : Epoch #232
2022-11-30 10:46:50,824 | INFO : 	 train_acc: 98.982; train_loss: 0.117; test_loss: 31.031; lr: [0.0001]
2022-11-30 10:46:50,824 | INFO : 	 test_acc: 91.47 (best: 91.65 from #134)
2022-11-30 10:47:57,462 | INFO : Epoch #233
2022-11-30 10:47:57,463 | INFO : 	 train_acc: 98.928; train_loss: 0.170; test_loss: 30.857; lr: [0.0001]
2022-11-30 10:47:57,463 | INFO : 	 test_acc: 91.34 (best: 91.65 from #134)
2022-11-30 10:49:04,086 | INFO : Epoch #234
2022-11-30 10:49:04,086 | INFO : 	 train_acc: 98.996; train_loss: 0.100; test_loss: 31.130; lr: [0.0001]
2022-11-30 10:49:04,086 | INFO : 	 test_acc: 91.35 (best: 91.65 from #134)
2022-11-30 10:50:10,181 | INFO : Epoch #235
2022-11-30 10:50:10,181 | INFO : 	 train_acc: 98.996; train_loss: 0.122; test_loss: 30.833; lr: [0.0001]
2022-11-30 10:50:10,181 | INFO : 	 test_acc: 91.23 (best: 91.65 from #134)
2022-11-30 10:51:16,184 | INFO : Epoch #236
2022-11-30 10:51:16,185 | INFO : 	 train_acc: 99.012; train_loss: 0.016; test_loss: 31.185; lr: [0.0001]
2022-11-30 10:51:16,185 | INFO : 	 test_acc: 91.3 (best: 91.65 from #134)
2022-11-30 10:52:22,714 | INFO : Epoch #237
2022-11-30 10:52:22,714 | INFO : 	 train_acc: 98.974; train_loss: 0.703; test_loss: 31.591; lr: [0.0001]
2022-11-30 10:52:22,714 | INFO : 	 test_acc: 91.01 (best: 91.65 from #134)
2022-11-30 10:53:29,617 | INFO : Epoch #238
2022-11-30 10:53:29,617 | INFO : 	 train_acc: 98.918; train_loss: 0.029; test_loss: 30.673; lr: [0.0001]
2022-11-30 10:53:29,617 | INFO : 	 test_acc: 91.29 (best: 91.65 from #134)
2022-11-30 10:54:36,011 | INFO : Epoch #239
2022-11-30 10:54:36,012 | INFO : 	 train_acc: 98.982; train_loss: 0.146; test_loss: 31.129; lr: [0.0001]
2022-11-30 10:54:36,012 | INFO : 	 test_acc: 91.34 (best: 91.65 from #134)
2022-11-30 10:55:42,606 | INFO : Epoch #240
2022-11-30 10:55:42,606 | INFO : 	 train_acc: 98.948; train_loss: 0.057; test_loss: 31.278; lr: [0.0001]
2022-11-30 10:55:42,606 | INFO : 	 test_acc: 91.26 (best: 91.65 from #134)
2022-11-30 10:56:49,106 | INFO : Epoch #241
2022-11-30 10:56:49,106 | INFO : 	 train_acc: 99.03; train_loss: 0.199; test_loss: 31.228; lr: [0.0001]
2022-11-30 10:56:49,106 | INFO : 	 test_acc: 91.05 (best: 91.65 from #134)
2022-11-30 10:57:55,725 | INFO : Epoch #242
2022-11-30 10:57:55,726 | INFO : 	 train_acc: 98.992; train_loss: 0.099; test_loss: 31.108; lr: [0.0001]
2022-11-30 10:57:55,726 | INFO : 	 test_acc: 91.37 (best: 91.65 from #134)
2022-11-30 10:59:02,272 | INFO : Epoch #243
2022-11-30 10:59:02,272 | INFO : 	 train_acc: 98.988; train_loss: 0.022; test_loss: 31.106; lr: [0.0001]
2022-11-30 10:59:02,272 | INFO : 	 test_acc: 91.37 (best: 91.65 from #134)
2022-11-30 11:00:08,910 | INFO : Epoch #244
2022-11-30 11:00:08,910 | INFO : 	 train_acc: 98.98; train_loss: 0.066; test_loss: 31.428; lr: [0.0001]
2022-11-30 11:00:08,911 | INFO : 	 test_acc: 91.29 (best: 91.65 from #134)
2022-11-30 11:01:16,123 | INFO : Epoch #245
2022-11-30 11:01:16,123 | INFO : 	 train_acc: 98.966; train_loss: 0.051; test_loss: 31.142; lr: [0.0001]
2022-11-30 11:01:16,124 | INFO : 	 test_acc: 91.05 (best: 91.65 from #134)
2022-11-30 11:02:22,596 | INFO : Epoch #246
2022-11-30 11:02:22,596 | INFO : 	 train_acc: 99.02; train_loss: 0.102; test_loss: 31.155; lr: [0.0001]
2022-11-30 11:02:22,597 | INFO : 	 test_acc: 91.3 (best: 91.65 from #134)
2022-11-30 11:03:29,197 | INFO : Epoch #247
2022-11-30 11:03:29,197 | INFO : 	 train_acc: 99.046; train_loss: 0.151; test_loss: 31.603; lr: [0.0001]
2022-11-30 11:03:29,197 | INFO : 	 test_acc: 91.04 (best: 91.65 from #134)
2022-11-30 11:04:35,665 | INFO : Epoch #248
2022-11-30 11:04:35,666 | INFO : 	 train_acc: 98.926; train_loss: 0.064; test_loss: 31.198; lr: [0.0001]
2022-11-30 11:04:35,666 | INFO : 	 test_acc: 91.31 (best: 91.65 from #134)
2022-11-30 11:05:42,319 | INFO : Epoch #249
2022-11-30 11:05:42,320 | INFO : 	 train_acc: 99.006; train_loss: 0.060; test_loss: 30.967; lr: [0.0001]
2022-11-30 11:05:42,320 | INFO : 	 test_acc: 91.45 (best: 91.65 from #134)
2022-11-30 11:06:49,511 | INFO : Epoch #250
2022-11-30 11:06:49,511 | INFO : 	 train_acc: 99.09; train_loss: 0.018; test_loss: 30.984; lr: [0.0001]
2022-11-30 11:06:49,511 | INFO : 	 test_acc: 91.21 (best: 91.65 from #134)
2022-11-30 11:07:56,027 | INFO : Epoch #251
2022-11-30 11:07:56,027 | INFO : 	 train_acc: 98.952; train_loss: 0.080; test_loss: 31.259; lr: [0.0001]
2022-11-30 11:07:56,028 | INFO : 	 test_acc: 91.31 (best: 91.65 from #134)
2022-11-30 11:09:02,595 | INFO : Epoch #252
2022-11-30 11:09:02,596 | INFO : 	 train_acc: 98.956; train_loss: 0.185; test_loss: 31.003; lr: [0.0001]
2022-11-30 11:09:02,596 | INFO : 	 test_acc: 91.32 (best: 91.65 from #134)
2022-11-30 11:10:09,298 | INFO : Epoch #253
2022-11-30 11:10:09,298 | INFO : 	 train_acc: 99.042; train_loss: 0.029; test_loss: 31.193; lr: [0.0001]
2022-11-30 11:10:09,298 | INFO : 	 test_acc: 91.3 (best: 91.65 from #134)
2022-11-30 11:11:15,821 | INFO : Epoch #254
2022-11-30 11:11:15,821 | INFO : 	 train_acc: 99.072; train_loss: 0.022; test_loss: 31.253; lr: [0.0001]
2022-11-30 11:11:15,822 | INFO : 	 test_acc: 91.24 (best: 91.65 from #134)
2022-11-30 11:12:22,824 | INFO : Epoch #255
2022-11-30 11:12:22,825 | INFO : 	 train_acc: 99.028; train_loss: 0.008; test_loss: 31.051; lr: [0.0001]
2022-11-30 11:12:22,825 | INFO : 	 test_acc: 91.35 (best: 91.65 from #134)
2022-11-30 11:13:29,753 | INFO : Epoch #256
2022-11-30 11:13:29,753 | INFO : 	 train_acc: 99.058; train_loss: 0.217; test_loss: 31.067; lr: [0.0001]
2022-11-30 11:13:29,753 | INFO : 	 test_acc: 91.4 (best: 91.65 from #134)
2022-11-30 11:14:36,478 | INFO : Epoch #257
2022-11-30 11:14:36,479 | INFO : 	 train_acc: 99.048; train_loss: 0.069; test_loss: 31.232; lr: [0.0001]
2022-11-30 11:14:36,479 | INFO : 	 test_acc: 91.28 (best: 91.65 from #134)
2022-11-30 11:15:43,140 | INFO : Epoch #258
2022-11-30 11:15:43,140 | INFO : 	 train_acc: 99.024; train_loss: 0.213; test_loss: 31.777; lr: [0.0001]
2022-11-30 11:15:43,140 | INFO : 	 test_acc: 91.09 (best: 91.65 from #134)
2022-11-30 11:16:49,841 | INFO : Epoch #259
2022-11-30 11:16:49,841 | INFO : 	 train_acc: 99.002; train_loss: 0.059; test_loss: 31.488; lr: [0.0001]
2022-11-30 11:16:49,841 | INFO : 	 test_acc: 91.2 (best: 91.65 from #134)
2022-11-30 11:17:57,102 | INFO : Epoch #260
2022-11-30 11:17:57,103 | INFO : 	 train_acc: 99.036; train_loss: 0.076; test_loss: 31.518; lr: [0.0001]
2022-11-30 11:17:57,103 | INFO : 	 test_acc: 91.34 (best: 91.65 from #134)
2022-11-30 11:19:04,241 | INFO : Epoch #261
2022-11-30 11:19:04,241 | INFO : 	 train_acc: 99.032; train_loss: 0.080; test_loss: 31.623; lr: [0.0001]
2022-11-30 11:19:04,242 | INFO : 	 test_acc: 91.59 (best: 91.65 from #134)
2022-11-30 11:20:10,835 | INFO : Epoch #262
2022-11-30 11:20:10,835 | INFO : 	 train_acc: 99.086; train_loss: 0.079; test_loss: 31.481; lr: [0.0001]
2022-11-30 11:20:10,835 | INFO : 	 test_acc: 91.38 (best: 91.65 from #134)
2022-11-30 11:21:17,832 | INFO : Epoch #263
2022-11-30 11:21:17,832 | INFO : 	 train_acc: 99.082; train_loss: 0.077; test_loss: 31.401; lr: [0.0001]
2022-11-30 11:21:17,832 | INFO : 	 test_acc: 91.33 (best: 91.65 from #134)
2022-11-30 11:22:24,636 | INFO : Epoch #264
2022-11-30 11:22:24,636 | INFO : 	 train_acc: 99.038; train_loss: 0.022; test_loss: 30.960; lr: [0.0001]
2022-11-30 11:22:24,636 | INFO : 	 test_acc: 91.46 (best: 91.65 from #134)
2022-11-30 11:23:31,290 | INFO : Epoch #265
2022-11-30 11:23:31,290 | INFO : 	 train_acc: 99.06; train_loss: 0.153; test_loss: 31.690; lr: [0.0001]
2022-11-30 11:23:31,290 | INFO : 	 test_acc: 91.28 (best: 91.65 from #134)
2022-11-30 11:24:38,270 | INFO : Epoch #266
2022-11-30 11:24:38,271 | INFO : 	 train_acc: 99.028; train_loss: 0.260; test_loss: 31.344; lr: [0.0001]
2022-11-30 11:24:38,271 | INFO : 	 test_acc: 91.32 (best: 91.65 from #134)
2022-11-30 11:25:45,138 | INFO : Epoch #267
2022-11-30 11:25:45,138 | INFO : 	 train_acc: 99.146; train_loss: 0.042; test_loss: 31.142; lr: [0.0001]
2022-11-30 11:25:45,138 | INFO : 	 test_acc: 91.2 (best: 91.65 from #134)
2022-11-30 11:26:52,175 | INFO : Epoch #268
2022-11-30 11:26:52,175 | INFO : 	 train_acc: 99.094; train_loss: 0.006; test_loss: 30.938; lr: [0.0001]
2022-11-30 11:26:52,176 | INFO : 	 test_acc: 91.39 (best: 91.65 from #134)
2022-11-30 11:27:58,842 | INFO : Epoch #269
2022-11-30 11:27:58,843 | INFO : 	 train_acc: 99.074; train_loss: 0.024; test_loss: 31.456; lr: [0.0001]
2022-11-30 11:27:58,843 | INFO : 	 test_acc: 91.31 (best: 91.65 from #134)
2022-11-30 11:29:05,833 | INFO : Epoch #270
2022-11-30 11:29:05,833 | INFO : 	 train_acc: 99.152; train_loss: 0.240; test_loss: 31.367; lr: [0.0001]
2022-11-30 11:29:05,833 | INFO : 	 test_acc: 91.24 (best: 91.65 from #134)
2022-11-30 11:30:12,695 | INFO : Epoch #271
2022-11-30 11:30:12,695 | INFO : 	 train_acc: 99.084; train_loss: 0.048; test_loss: 31.508; lr: [0.0001]
2022-11-30 11:30:12,695 | INFO : 	 test_acc: 91.13 (best: 91.65 from #134)
2022-11-30 11:31:19,181 | INFO : Epoch #272
2022-11-30 11:31:19,181 | INFO : 	 train_acc: 99.048; train_loss: 0.150; test_loss: 31.440; lr: [0.0001]
2022-11-30 11:31:19,181 | INFO : 	 test_acc: 91.31 (best: 91.65 from #134)
2022-11-30 11:32:26,226 | INFO : Epoch #273
2022-11-30 11:32:26,226 | INFO : 	 train_acc: 99.1; train_loss: 0.005; test_loss: 31.849; lr: [0.0001]
2022-11-30 11:32:26,226 | INFO : 	 test_acc: 91.38 (best: 91.65 from #134)
2022-11-30 11:33:32,846 | INFO : Epoch #274
2022-11-30 11:33:32,846 | INFO : 	 train_acc: 99.066; train_loss: 0.034; test_loss: 31.631; lr: [0.0001]
2022-11-30 11:33:32,846 | INFO : 	 test_acc: 91.25 (best: 91.65 from #134)
2022-11-30 11:34:39,648 | INFO : Epoch #275
2022-11-30 11:34:39,648 | INFO : 	 train_acc: 99.01; train_loss: 0.067; test_loss: 31.725; lr: [0.0001]
2022-11-30 11:34:39,649 | INFO : 	 test_acc: 91.27 (best: 91.65 from #134)
2022-11-30 11:35:46,310 | INFO : Epoch #276
2022-11-30 11:35:46,311 | INFO : 	 train_acc: 99.074; train_loss: 0.250; test_loss: 31.855; lr: [0.0001]
2022-11-30 11:35:46,311 | INFO : 	 test_acc: 91.07 (best: 91.65 from #134)
2022-11-30 11:36:52,789 | INFO : Epoch #277
2022-11-30 11:36:52,789 | INFO : 	 train_acc: 99.048; train_loss: 0.068; test_loss: 30.782; lr: [0.0001]
2022-11-30 11:36:52,789 | INFO : 	 test_acc: 91.44 (best: 91.65 from #134)
2022-11-30 11:37:59,666 | INFO : Epoch #278
2022-11-30 11:37:59,666 | INFO : 	 train_acc: 99.09; train_loss: 0.062; test_loss: 31.961; lr: [0.0001]
2022-11-30 11:37:59,666 | INFO : 	 test_acc: 91.31 (best: 91.65 from #134)
2022-11-30 11:39:06,613 | INFO : Epoch #279
2022-11-30 11:39:06,613 | INFO : 	 train_acc: 99.174; train_loss: 0.012; test_loss: 31.381; lr: [0.0001]
2022-11-30 11:39:06,613 | INFO : 	 test_acc: 91.18 (best: 91.65 from #134)
2022-11-30 11:40:13,468 | INFO : Epoch #280
2022-11-30 11:40:13,469 | INFO : 	 train_acc: 99.096; train_loss: 0.003; test_loss: 31.327; lr: [0.0001]
2022-11-30 11:40:13,469 | INFO : 	 test_acc: 91.48 (best: 91.65 from #134)
2022-11-30 11:41:20,298 | INFO : Epoch #281
2022-11-30 11:41:20,298 | INFO : 	 train_acc: 99.074; train_loss: 0.019; test_loss: 31.617; lr: [0.0001]
2022-11-30 11:41:20,299 | INFO : 	 test_acc: 91.27 (best: 91.65 from #134)
2022-11-30 11:42:27,704 | INFO : Epoch #282
2022-11-30 11:42:27,704 | INFO : 	 train_acc: 99.076; train_loss: 0.041; test_loss: 32.400; lr: [0.0001]
2022-11-30 11:42:27,704 | INFO : 	 test_acc: 91.02 (best: 91.65 from #134)
2022-11-30 11:43:34,803 | INFO : Epoch #283
2022-11-30 11:43:34,803 | INFO : 	 train_acc: 99.142; train_loss: 0.027; test_loss: 31.914; lr: [0.0001]
2022-11-30 11:43:34,803 | INFO : 	 test_acc: 91.25 (best: 91.65 from #134)
2022-11-30 11:44:41,762 | INFO : Epoch #284
2022-11-30 11:44:41,762 | INFO : 	 train_acc: 99.01; train_loss: 0.051; test_loss: 31.774; lr: [0.0001]
2022-11-30 11:44:41,763 | INFO : 	 test_acc: 91.39 (best: 91.65 from #134)
2022-11-30 11:45:48,254 | INFO : Epoch #285
2022-11-30 11:45:48,254 | INFO : 	 train_acc: 99.066; train_loss: 0.044; test_loss: 31.698; lr: [0.0001]
2022-11-30 11:45:48,255 | INFO : 	 test_acc: 91.31 (best: 91.65 from #134)
2022-11-30 11:46:55,422 | INFO : Epoch #286
2022-11-30 11:46:55,422 | INFO : 	 train_acc: 99.054; train_loss: 0.259; test_loss: 31.367; lr: [0.0001]
2022-11-30 11:46:55,422 | INFO : 	 test_acc: 91.45 (best: 91.65 from #134)
2022-11-30 11:48:02,469 | INFO : Epoch #287
2022-11-30 11:48:02,469 | INFO : 	 train_acc: 99.064; train_loss: 0.044; test_loss: 31.745; lr: [0.0001]
2022-11-30 11:48:02,469 | INFO : 	 test_acc: 91.27 (best: 91.65 from #134)
2022-11-30 11:49:09,794 | INFO : Epoch #288
2022-11-30 11:49:09,794 | INFO : 	 train_acc: 99.122; train_loss: 0.064; test_loss: 31.241; lr: [0.0001]
2022-11-30 11:49:09,794 | INFO : 	 test_acc: 91.45 (best: 91.65 from #134)
2022-11-30 11:50:16,564 | INFO : Epoch #289
2022-11-30 11:50:16,564 | INFO : 	 train_acc: 99.09; train_loss: 0.081; test_loss: 31.565; lr: [0.0001]
2022-11-30 11:50:16,564 | INFO : 	 test_acc: 91.37 (best: 91.65 from #134)
2022-11-30 11:51:23,192 | INFO : Epoch #290
2022-11-30 11:51:23,192 | INFO : 	 train_acc: 99.022; train_loss: 0.044; test_loss: 31.395; lr: [0.0001]
2022-11-30 11:51:23,192 | INFO : 	 test_acc: 91.49 (best: 91.65 from #134)
2022-11-30 11:52:30,605 | INFO : Epoch #291
2022-11-30 11:52:30,605 | INFO : 	 train_acc: 99.004; train_loss: 0.028; test_loss: 31.228; lr: [0.0001]
2022-11-30 11:52:30,606 | INFO : 	 test_acc: 91.47 (best: 91.65 from #134)
2022-11-30 11:53:37,439 | INFO : Epoch #292
2022-11-30 11:53:37,439 | INFO : 	 train_acc: 99.024; train_loss: 0.040; test_loss: 31.108; lr: [0.0001]
2022-11-30 11:53:37,439 | INFO : 	 test_acc: 91.3 (best: 91.65 from #134)
2022-11-30 11:54:44,418 | INFO : Epoch #293
2022-11-30 11:54:44,419 | INFO : 	 train_acc: 99.202; train_loss: 0.025; test_loss: 31.305; lr: [0.0001]
2022-11-30 11:54:44,419 | INFO : 	 test_acc: 91.37 (best: 91.65 from #134)
2022-11-30 11:55:51,382 | INFO : Epoch #294
2022-11-30 11:55:51,382 | INFO : 	 train_acc: 99.11; train_loss: 0.041; test_loss: 31.973; lr: [0.0001]
2022-11-30 11:55:51,382 | INFO : 	 test_acc: 91.18 (best: 91.65 from #134)
2022-11-30 11:56:58,462 | INFO : Epoch #295
2022-11-30 11:56:58,463 | INFO : 	 train_acc: 99.106; train_loss: 0.261; test_loss: 31.856; lr: [0.0001]
2022-11-30 11:56:58,463 | INFO : 	 test_acc: 91.35 (best: 91.65 from #134)
2022-11-30 11:58:05,703 | INFO : Epoch #296
2022-11-30 11:58:05,704 | INFO : 	 train_acc: 99.082; train_loss: 0.006; test_loss: 32.023; lr: [0.0001]
2022-11-30 11:58:05,704 | INFO : 	 test_acc: 91.22 (best: 91.65 from #134)
2022-11-30 11:59:12,622 | INFO : Epoch #297
2022-11-30 11:59:12,622 | INFO : 	 train_acc: 99.178; train_loss: 0.198; test_loss: 32.078; lr: [0.0001]
2022-11-30 11:59:12,622 | INFO : 	 test_acc: 91.26 (best: 91.65 from #134)
2022-11-30 12:00:19,557 | INFO : Epoch #298
2022-11-30 12:00:19,557 | INFO : 	 train_acc: 99.156; train_loss: 0.416; test_loss: 31.547; lr: [0.0001]
2022-11-30 12:00:19,557 | INFO : 	 test_acc: 91.28 (best: 91.65 from #134)
2022-11-30 12:01:26,310 | INFO : Epoch #299
2022-11-30 12:01:26,310 | INFO : 	 train_acc: 99.15; train_loss: 0.041; test_loss: 31.566; lr: [0.0001]
2022-11-30 12:01:26,310 | INFO : 	 test_acc: 91.39 (best: 91.65 from #134)
2022-11-30 12:01:26,346 | INFO : Model baseline/resnet20_cifar10_baseline finetuned 18.7 --> 91.65.
2022-11-30 12:01:26,346 | INFO : Model baseline/resnet20_cifar10_baseline pruned, grouped, and finetuned: 92.35 --> 18.7 --> 91.65.

2022-11-30 12:01:26,349 | INFO : setting
2022-11-30 12:01:26,349 | INFO : Saving setting file to output/resnet20_cifar10_demo/setting.json...
2022-11-30 12:01:26,352 | INFO : Experiment resnet20_cifar10_demo (task: finetune) ends at 2022-11-30T06:31:26.346545; result: 92.35 --> 91.65.
